<?xml version="1.0" encoding="utf-8"?><testsuites name="pytest tests"><testsuite name="pytest" errors="13" failures="18" skipped="2" tests="1096" time="3999.909" timestamp="2026-06-29T18:50:55.874518-03:00" hostname="Werley"><properties>
[...]
</properties><testcase classname="tests.datalab.datalab.end_to_end_tests.issue_types.test_null" name="test_null_issue_manager[numpy]" time="2.799" /><testcase classname="tests.datalab.datalab.end_to_end_tests.issue_types.test_null" name="test_null_issue_manager[pandas]" time="0.039" /><testcase classname="tests.datalab.datalab.end_to_end_tests.issue_types.test_null" name="test_lab_find_issues[numpy]" time="0.233" /><testcase classname="tests.datalab.datalab.end_to_end_tests.issue_types.test_null" name="test_lab_find_issues[pandas]" time="0.041" /><testcase classname="tests.datalab.datalab.end_to_end_tests.test_all_identical_examples.TestAllIdenticalExamplesDataset" name="test_issue_detection[N=11, M=2]" time="15.508" /><testcase classname="tests.datalab.datalab.end_to_end_tests.test_all_identical_examples.TestAllIdenticalExamplesDataset" name="test_issue_detection[N=11, M=3]" time="10.175" /><testcase classname="tests.datalab.datalab.end_to_end_tests.test_all_identical_examples.TestAllIdenticalExamplesDataset" name="test_issue_detection[N=11, M=5]" time="9.935" /><testcase classname="tests.datalab.datalab.end_to_end_tests.test_all_identical_examples.TestAllIdenticalExamplesDataset" name="test_issue_detection[N=11, M=10]" time="11.848" /><testcase classname="tests.datalab.datalab.end_to_end_tests.test_all_identical_examples.TestAllIdenticalExamplesDataset" name="test_issue_detection[N=11, M=20]" time="14.576" /><testcase classname="tests.datalab.datalab.end_to_end_tests.test_all_identical_examples.TestAllIdenticalExamplesDataset" name="test_issue_detection[N=20, M=2]" time="13.812" /><testcase classname="tests.datalab.datalab.end_to_end_tests.test_all_identical_examples.TestAllIdenticalExamplesDataset" name="test_issue_detection[N=20, M=3]" time="15.817" /><testcase classname="tests.datalab.datalab.end_to_end_tests.test_all_identical_examples.TestAllIdenticalExamplesDataset" name="test_issue_detection[N=20, M=5]" time="13.289" /><testcase classname="tests.datalab.datalab.end_to_end_tests.test_all_identical_examples.TestAllIdenticalExamplesDataset" name="test_issue_detection[N=20, M=10]" time="15.163" /><testcase classname="tests.datalab.datalab.end_to_end_tests.test_all_identical_examples.TestAllIdenticalExamplesDataset" name="test_issue_detection[N=20, M=20]" time="11.456" /><testcase classname="tests.datalab.datalab.end_to_end_tests.test_all_identical_examples.TestAllIdenticalExamplesDataset" name="test_issue_detection[N=50, M=2]" time="11.204" /><testcase classname="tests.datalab.datalab.end_to_end_tests.test_all_identical_examples.TestAllIdenticalExamplesDataset" name="test_issue_detection[N=50, M=3]" time="10.325" /><testcase classname="tests.datalab.datalab.end_to_end_tests.test_all_identical_examples.TestAllIdenticalExamplesDataset" name="test_issue_detection[N=50, M=5]" time="8.499" /><testcase classname="tests.datalab.datalab.end_to_end_tests.test_all_identical_examples.TestAllIdenticalExamplesDataset" name="test_issue_detection[N=50, M=10]" time="5.898" /><testcase classname="tests.datalab.datalab.end_to_end_tests.test_all_identical_examples.TestAllIdenticalExamplesDataset" name="test_issue_detection[N=50, M=20]" time="8.311" /><testcase classname="tests.datalab.datalab.end_to_end_tests.test_all_identical_examples.TestAllIdenticalExamplesDataset" name="test_issue_detection[N=100, M=2]" time="7.080" /><testcase classname="tests.datalab.datalab.end_to_end_tests.test_all_identical_examples.TestAllIdenticalExamplesDataset" name="test_issue_detection[N=100, M=3]" time="5.594" /><testcase classname="tests.datalab.datalab.end_to_end_tests.test_all_identical_examples.TestAllIdenticalExamplesDataset" name="test_issue_detection[N=100, M=5]" time="5.796" /><testcase classname="tests.datalab.datalab.end_to_end_tests.test_all_identical_examples.TestAllIdenticalExamplesDataset" name="test_issue_detection[N=100, M=10]" time="5.979" /><testcase classname="tests.datalab.datalab.end_to_end_tests.test_all_identical_examples.TestAllIdenticalExamplesDataset" name="test_issue_detection[N=100, M=20]" time="6.002" /><testcase classname="tests.datalab.datalab.end_to_end_tests.test_all_identical_examples.TestAllIdenticalExamplesDataset" name="test_issue_detection[N=150, M=2]" time="6.118" /><testcase classname="tests.datalab.datalab.end_to_end_tests.test_all_identical_examples.TestAllIdenticalExamplesDataset" name="test_issue_detection[N=150, M=3]" time="5.714" /><testcase classname="tests.datalab.datalab.end_to_end_tests.test_all_identical_examples.TestAllIdenticalExamplesDataset" name="test_issue_detection[N=150, M=5]" time="5.635" /><testcase classname="tests.datalab.datalab.end_to_end_tests.test_all_identical_examples.TestAllIdenticalExamplesDataset" name="test_issue_detection[N=150, M=10]" time="7.140" /><testcase classname="tests.datalab.datalab.end_to_end_tests.test_all_identical_examples.TestAllIdenticalExamplesDataset" name="test_issue_detection[N=150, M=20]" time="6.196" /><testcase classname="tests.datalab.datalab.end_to_end_tests.test_all_identical_examples.TestAllIdenticalExamplesDataset" name="test_issue_detection_with_one_unique_example[N=11, M=2]" time="6.085" /><testcase classname="tests.datalab.datalab.end_to_end_tests.test_all_identical_examples.TestAllIdenticalExamplesDataset" name="test_issue_detection_with_one_unique_example[N=11, M=3]" time="5.532" /><testcase classname="tests.datalab.datalab.end_to_end_tests.test_all_identical_examples.TestAllIdenticalExamplesDataset" name="test_issue_detection_with_one_unique_example[N=11, M=5]" time="5.542" /><testcase classname="tests.datalab.datalab.end_to_end_tests.test_all_identical_examples.TestAllIdenticalExamplesDataset" name="test_issue_detection_with_one_unique_example[N=11, M=10]" time="5.990" /><testcase classname="tests.datalab.datalab.end_to_end_tests.test_all_identical_examples.TestAllIdenticalExamplesDataset" name="test_issue_detection_with_one_unique_example[N=11, M=20]" time="5.574" /><testcase classname="tests.datalab.datalab.end_to_end_tests.test_all_identical_examples.TestAllIdenticalExamplesDataset" name="test_issue_detection_with_one_unique_example[N=20, M=2]" time="6.392" /><testcase classname="tests.datalab.datalab.end_to_end_tests.test_all_identical_examples.TestAllIdenticalExamplesDataset" name="test_issue_detection_with_one_unique_example[N=20, M=3]" time="5.625" /><testcase classname="tests.datalab.datalab.end_to_end_tests.test_all_identical_examples.TestAllIdenticalExamplesDataset" name="test_issue_detection_with_one_unique_example[N=20, M=5]" time="5.476" /><testcase classname="tests.datalab.datalab.end_to_end_tests.test_all_identical_examples.TestAllIdenticalExamplesDataset" name="test_issue_detection_with_one_unique_example[N=20, M=10]" time="6.611" /><testcase classname="tests.datalab.datalab.end_to_end_tests.test_all_identical_examples.TestAllIdenticalExamplesDataset" name="test_issue_detection_with_one_unique_example[N=20, M=20]" time="6.423" /><testcase classname="tests.datalab.datalab.end_to_end_tests.test_all_identical_examples.TestAllIdenticalExamplesDataset" name="test_issue_detection_with_one_unique_example[N=50, M=2]" time="6.388" /><testcase classname="tests.datalab.datalab.end_to_end_tests.test_all_identical_examples.TestAllIdenticalExamplesDataset" name="test_issue_detection_with_one_unique_example[N=50, M=3]" time="5.904" /><testcase classname="tests.datalab.datalab.end_to_end_tests.test_all_identical_examples.TestAllIdenticalExamplesDataset" name="test_issue_detection_with_one_unique_example[N=50, M=5]" time="6.006" /><testcase classname="tests.datalab.datalab.end_to_end_tests.test_all_identical_examples.TestAllIdenticalExamplesDataset" name="test_issue_detection_with_one_unique_example[N=50, M=10]" time="5.725" /><testcase classname="tests.datalab.datalab.end_to_end_tests.test_all_identical_examples.TestAllIdenticalExamplesDataset" name="test_issue_detection_with_one_unique_example[N=50, M=20]" time="5.592" /><testcase classname="tests.datalab.datalab.end_to_end_tests.test_all_identical_examples.TestAllIdenticalExamplesDataset" name="test_issue_detection_with_one_unique_example[N=100, M=2]" time="5.516" /><testcase classname="tests.datalab.datalab.end_to_end_tests.test_all_identical_examples.TestAllIdenticalExamplesDataset" name="test_issue_detection_with_one_unique_example[N=100, M=3]" time="5.604" /><testcase classname="tests.datalab.datalab.end_to_end_tests.test_all_identical_examples.TestAllIdenticalExamplesDataset" name="test_issue_detection_with_one_unique_example[N=100, M=5]" time="5.561" /><testcase classname="tests.datalab.datalab.end_to_end_tests.test_all_identical_examples.TestAllIdenticalExamplesDataset" name="test_issue_detection_with_one_unique_example[N=100, M=10]" time="6.160" /><testcase classname="tests.datalab.datalab.end_to_end_tests.test_all_identical_examples.TestAllIdenticalExamplesDataset" name="test_issue_detection_with_one_unique_example[N=100, M=20]" time="5.923" /><testcase classname="tests.datalab.datalab.end_to_end_tests.test_all_identical_examples.TestAllIdenticalExamplesDataset" name="test_issue_detection_with_one_unique_example[N=150, M=2]" time="5.774" /><testcase classname="tests.datalab.datalab.end_to_end_tests.test_all_identical_examples.TestAllIdenticalExamplesDataset" name="test_issue_detection_with_one_unique_example[N=150, M=3]" time="5.564" /><testcase classname="tests.datalab.datalab.end_to_end_tests.test_all_identical_examples.TestAllIdenticalExamplesDataset" name="test_issue_detection_with_one_unique_example[N=150, M=5]" time="5.480" /><testcase classname="tests.datalab.datalab.end_to_end_tests.test_all_identical_examples.TestAllIdenticalExamplesDataset" name="test_issue_detection_with_one_unique_example[N=150, M=10]" time="5.538" /><testcase classname="tests.datalab.datalab.end_to_end_tests.test_all_identical_examples.TestAllIdenticalExamplesDataset" name="test_issue_detection_with_one_unique_example[N=150, M=20]" time="5.601" /><testcase classname="tests.datalab.datalab.end_to_end_tests.test_all_identical_examples.TestAllIdenticalExamplesDataset" name="test_regression_issue_detection[N=11, M=3]" time="0.386" /><testcase classname="tests.datalab.datalab.end_to_end_tests.test_all_identical_examples.TestAllIdenticalExamplesDataset" name="test_regression_issue_detection[N=11, M=4]" time="0.060" /><testcase classname="tests.datalab.datalab.end_to_end_tests.test_all_identical_examples.TestAllIdenticalExamplesDataset" name="test_regression_issue_detection[N=11, M=6]" time="0.065" /><testcase classname="tests.datalab.datalab.end_to_end_tests.test_all_identical_examples.TestAllIdenticalExamplesDataset" name="test_regression_issue_detection[N=11, M=8]" time="0.059" /><testcase classname="tests.datalab.datalab.end_to_end_tests.test_all_identical_examples.TestAllIdenticalExamplesDataset" name="test_regression_issue_detection[N=11, M=10]" time="0.063" /><testcase classname="tests.datalab.datalab.end_to_end_tests.test_all_identical_examples.TestAllIdenticalExamplesDataset" name="test_regression_issue_detection[N=20, M=3]" time="0.080" /><testcase classname="tests.datalab.datalab.end_to_end_tests.test_all_identical_examples.TestAllIdenticalExamplesDataset" name="test_regression_issue_detection[N=20, M=4]" time="0.069" /><testcase classname="tests.datalab.datalab.end_to_end_tests.test_all_identical_examples.TestAllIdenticalExamplesDataset" name="test_regression_issue_detection[N=20, M=6]" time="0.068" /><testcase classname="tests.datalab.datalab.end_to_end_tests.test_all_identical_examples.TestAllIdenticalExamplesDataset" name="test_regression_issue_detection[N=20, M=8]" time="0.075" /><testcase classname="tests.datalab.datalab.end_to_end_tests.test_all_identical_examples.TestAllIdenticalExamplesDataset" name="test_regression_issue_detection[N=20, M=10]" time="0.083" /><testcase classname="tests.datalab.datalab.end_to_end_tests.test_all_identical_examples.TestAllIdenticalExamplesDataset" name="test_regression_issue_detection[N=50, M=3]" time="0.144" /><testcase classname="tests.datalab.datalab.end_to_end_tests.test_all_identical_examples.TestAllIdenticalExamplesDataset" name="test_regression_issue_detection[N=50, M=4]" time="0.120" /><testcase classname="tests.datalab.datalab.end_to_end_tests.test_all_identical_examples.TestAllIdenticalExamplesDataset" name="test_regression_issue_detection[N=50, M=6]" time="0.114" /><testcase classname="tests.datalab.datalab.end_to_end_tests.test_all_identical_examples.TestAllIdenticalExamplesDataset" name="test_regression_issue_detection[N=50, M=8]" time="0.116" /><testcase classname="tests.datalab.datalab.end_to_end_tests.test_all_identical_examples.TestAllIdenticalExamplesDataset" name="test_regression_issue_detection[N=50, M=10]" time="0.242" /><testcase classname="tests.datalab.datalab.end_to_end_tests.test_all_identical_examples.TestAllIdenticalExamplesDataset" name="test_regression_issue_detection[N=100, M=3]" time="0.392" /><testcase classname="tests.datalab.datalab.end_to_end_tests.test_all_identical_examples.TestAllIdenticalExamplesDataset" name="test_regression_issue_detection[N=100, M=4]" time="0.381" /><testcase classname="tests.datalab.datalab.end_to_end_tests.test_all_identical_examples.TestAllIdenticalExamplesDataset" name="test_regression_issue_detection[N=100, M=6]" time="0.426" /><testcase classname="tests.datalab.datalab.end_to_end_tests.test_all_identical_examples.TestAllIdenticalExamplesDataset" name="test_regression_issue_detection[N=100, M=8]" time="0.331" /><testcase classname="tests.datalab.datalab.end_to_end_tests.test_all_identical_examples.TestAllIdenticalExamplesDataset" name="test_regression_issue_detection[N=100, M=10]" time="0.303" /><testcase classname="tests.datalab.datalab.end_to_end_tests.test_all_identical_examples.TestAllIdenticalExamplesDataset" name="test_regression_issue_detection_with_one_unique_example[N=11, M=3]" time="0.065" /><testcase classname="tests.datalab.datalab.end_to_end_tests.test_all_identical_examples.TestAllIdenticalExamplesDataset" name="test_regression_issue_detection_with_one_unique_example[N=11, M=4]" time="0.067" /><testcase classname="tests.datalab.datalab.end_to_end_tests.test_all_identical_examples.TestAllIdenticalExamplesDataset" name="test_regression_issue_detection_with_one_unique_example[N=11, M=6]" time="0.065" /><testcase classname="tests.datalab.datalab.end_to_end_tests.test_all_identical_examples.TestAllIdenticalExamplesDataset" name="test_regression_issue_detection_with_one_unique_example[N=11, M=8]" time="0.061" /><testcase classname="tests.datalab.datalab.end_to_end_tests.test_all_identical_examples.TestAllIdenticalExamplesDataset" name="test_regression_issue_detection_with_one_unique_example[N=11, M=10]" time="0.065" /><testcase classname="tests.datalab.datalab.end_to_end_tests.test_all_identical_examples.TestAllIdenticalExamplesDataset" name="test_regression_issue_detection_with_one_unique_example[N=20, M=3]" time="0.073" /><testcase classname="tests.datalab.datalab.end_to_end_tests.test_all_identical_examples.TestAllIdenticalExamplesDataset" name="test_regression_issue_detection_with_one_unique_example[N=20, M=4]" time="0.075" /><testcase classname="tests.datalab.datalab.end_to_end_tests.test_all_identical_examples.TestAllIdenticalExamplesDataset" name="test_regression_issue_detection_with_one_unique_example[N=20, M=6]" time="0.072" /><testcase classname="tests.datalab.datalab.end_to_end_tests.test_all_identical_examples.TestAllIdenticalExamplesDataset" name="test_regression_issue_detection_with_one_unique_example[N=20, M=8]" time="0.066" /><testcase classname="tests.datalab.datalab.end_to_end_tests.test_all_identical_examples.TestAllIdenticalExamplesDataset" name="test_regression_issue_detection_with_one_unique_example[N=20, M=10]" time="0.071" /><testcase classname="tests.datalab.datalab.end_to_end_tests.test_all_identical_examples.TestAllIdenticalExamplesDataset" name="test_regression_issue_detection_with_one_unique_example[N=50, M=3]" time="0.139" /><testcase classname="tests.datalab.datalab.end_to_end_tests.test_all_identical_examples.TestAllIdenticalExamplesDataset" name="test_regression_issue_detection_with_one_unique_example[N=50, M=4]" time="0.114" /><testcase classname="tests.datalab.datalab.end_to_end_tests.test_all_identical_examples.TestAllIdenticalExamplesDataset" name="test_regression_issue_detection_with_one_unique_example[N=50, M=6]" time="0.128" /><testcase classname="tests.datalab.datalab.end_to_end_tests.test_all_identical_examples.TestAllIdenticalExamplesDataset" name="test_regression_issue_detection_with_one_unique_example[N=50, M=8]" time="0.133" /><testcase classname="tests.datalab.datalab.end_to_end_tests.test_all_identical_examples.TestAllIdenticalExamplesDataset" name="test_regression_issue_detection_with_one_unique_example[N=50, M=10]" time="0.117" /><testcase classname="tests.datalab.datalab.end_to_end_tests.test_all_identical_examples.TestAllIdenticalExamplesDataset" name="test_regression_issue_detection_with_one_unique_example[N=100, M=3]" time="9.678" /><testcase classname="tests.datalab.datalab.end_to_end_tests.test_all_identical_examples.TestAllIdenticalExamplesDataset" name="test_regression_issue_detection_with_one_unique_example[N=100, M=4]" time="0.127" /><testcase classname="tests.datalab.datalab.end_to_end_tests.test_all_identical_examples.TestAllIdenticalExamplesDataset" name="test_regression_issue_detection_with_one_unique_example[N=100, M=6]" time="0.122" /><testcase classname="tests.datalab.datalab.end_to_end_tests.test_all_identical_examples.TestAllIdenticalExamplesDataset" name="test_regression_issue_detection_with_one_unique_example[N=100, M=8]" time="0.111" /><testcase classname="tests.datalab.datalab.end_to_end_tests.test_all_identical_examples.TestAllIdenticalExamplesDataset" name="test_regression_issue_detection_with_one_unique_example[N=100, M=10]" time="0.121" /><testcase classname="tests.datalab.datalab.test_datalab" name="test_datalab_invalid_datasetdict" time="0.071" /><testcase classname="tests.datalab.datalab.test_datalab.TestDatalab" name="test_print" time="0.060" /><testcase classname="tests.datalab.datalab.test_datalab.TestDatalab" name="test_class_names" time="0.023" /><testcase classname="tests.datalab.datalab.test_datalab.TestDatalab" name="test_list_default_issue_types" time="0.043" /><testcase classname="tests.datalab.datalab.test_datalab.TestDatalab" name="test_attributes" time="0.018" /><testcase classname="tests.datalab.datalab.test_datalab.TestDatalab" name="test_get_info" time="0.020" /><testcase classname="tests.datalab.datalab.test_datalab.TestDatalab" name="test_get_issue_summary" time="0.084" /><testcase classname="tests.datalab.datalab.test_datalab.TestDatalab" name="test_get_issues" time="0.036" /><testcase classname="tests.datalab.datalab.test_datalab.TestDatalab" name="test_find_issues_with_pred_probs[Default issues]" time="9.048" /><testcase classname="tests.datalab.datalab.test_datalab.TestDatalab" name="test_find_issues_with_pred_probs[Only label issues]" time="7.859" /><testcase classname="tests.datalab.datalab.test_datalab.TestDatalab" name="test_find_issues_without_values_in_issue_types_raises_warning" time="0.037" /><testcase classname="tests.datalab.datalab.test_datalab.TestDatalab" name="test_repeat_find_issues_then_report_with_defaults[Use knn_graph-Use pred_probs-Use features-Defaults]" time="11.965" /><testcase classname="tests.datalab.datalab.test_datalab.TestDatalab" name="test_repeat_find_issues_then_report_with_defaults[Use knn_graph-Use pred_probs-Use features-Only label issues]" time="10.767" /><testcase classname="tests.datalab.datalab.test_datalab.TestDatalab" name="test_repeat_find_issues_then_report_with_defaults[Use knn_graph-Use pred_probs-Use features-Only outlier issues]" time="0.047" /><testcase classname="tests.datalab.datalab.test_datalab.TestDatalab" name="test_repeat_find_issues_then_report_with_defaults[Use knn_graph-Use pred_probs-Use features-Only near_duplicate issues]" time="0.067" /><testcase classname="tests.datalab.datalab.test_datalab.TestDatalab" name="test_repeat_find_issues_then_report_with_defaults[Use knn_graph-Use pred_probs-Use features-Only non_iid issues]" time="0.049" /><testcase classname="tests.datalab.datalab.test_datalab.TestDatalab" name="test_repeat_find_issues_then_report_with_defaults[Use knn_graph-Use pred_probs-Use features-Both outlier and near_duplicate issues]" time="0.076" /><testcase classname="tests.datalab.datalab.test_datalab.TestDatalab" name="test_repeat_find_issues_then_report_with_defaults[Use knn_graph-Use pred_probs-Don't use features-Defaults]" time="11.118" /><testcase classname="tests.datalab.datalab.test_datalab.TestDatalab" name="test_repeat_find_issues_then_report_with_defaults[Use knn_graph-Use pred_probs-Don't use features-Only label issues]" time="12.935" /><testcase classname="tests.datalab.datalab.test_datalab.TestDatalab" name="test_repeat_find_issues_then_report_with_defaults[Use knn_graph-Use pred_probs-Don't use features-Only outlier issues]" time="0.061" /><testcase classname="tests.datalab.datalab.test_datalab.TestDatalab" name="test_repeat_find_issues_then_report_with_defaults[Use knn_graph-Use pred_probs-Don't use features-Only near_duplicate issues]" time="0.091" /><testcase classname="tests.datalab.datalab.test_datalab.TestDatalab" name="test_repeat_find_issues_then_report_with_defaults[Use knn_graph-Use pred_probs-Don't use features-Only non_iid issues]" time="0.083" /><testcase classname="tests.datalab.datalab.test_datalab.TestDatalab" name="test_repeat_find_issues_then_report_with_defaults[Use knn_graph-Use pred_probs-Don't use features-Both outlier and near_duplicate issues]" time="0.145" /><testcase classname="tests.datalab.datalab.test_datalab.TestDatalab" name="test_repeat_find_issues_then_report_with_defaults[Use knn_graph-Don't use pred_probs-Use features-Defaults]" time="14.680" /><testcase classname="tests.datalab.datalab.test_datalab.TestDatalab" name="test_repeat_find_issues_then_report_with_defaults[Use knn_graph-Don't use pred_probs-Use features-Only label issues]" time="11.564" /><testcase classname="tests.datalab.datalab.test_datalab.TestDatalab" name="test_repeat_find_issues_then_report_with_defaults[Use knn_graph-Don't use pred_probs-Use features-Only outlier issues]" time="0.052" /><testcase classname="tests.datalab.datalab.test_datalab.TestDatalab" name="test_repeat_find_issues_then_report_with_defaults[Use knn_graph-Don't use pred_probs-Use features-Only near_duplicate issues]" time="0.075" /><testcase classname="tests.datalab.datalab.test_datalab.TestDatalab" name="test_repeat_find_issues_then_report_with_defaults[Use knn_graph-Don't use pred_probs-Use features-Only non_iid issues]" time="0.047" /><testcase classname="tests.datalab.datalab.test_datalab.TestDatalab" name="test_repeat_find_issues_then_report_with_defaults[Use knn_graph-Don't use pred_probs-Use features-Both outlier and near_duplicate issues]" time="0.103" /><testcase classname="tests.datalab.datalab.test_datalab.TestDatalab" name="test_repeat_find_issues_then_report_with_defaults[Use knn_graph-Don't use pred_probs-Don't use features-Defaults]" time="0.133" /><testcase classname="tests.datalab.datalab.test_datalab.TestDatalab" name="test_repeat_find_issues_then_report_with_defaults[Use knn_graph-Don't use pred_probs-Don't use features-Only label issues]" time="11.641" /><testcase classname="tests.datalab.datalab.test_datalab.TestDatalab" name="test_repeat_find_issues_then_report_with_defaults[Use knn_graph-Don't use pred_probs-Don't use features-Only outlier issues]" time="0.047" /><testcase classname="tests.datalab.datalab.test_datalab.TestDatalab" name="test_repeat_find_issues_then_report_with_defaults[Use knn_graph-Don't use pred_probs-Don't use features-Only near_duplicate issues]" time="0.069" /><testcase classname="tests.datalab.datalab.test_datalab.TestDatalab" name="test_repeat_find_issues_then_report_with_defaults[Use knn_graph-Don't use pred_probs-Don't use features-Only non_iid issues]" time="0.063" /><testcase classname="tests.datalab.datalab.test_datalab.TestDatalab" name="test_repeat_find_issues_then_report_with_defaults[Use knn_graph-Don't use pred_probs-Don't use features-Both outlier and near_duplicate issues]" time="0.105" /><testcase classname="tests.datalab.datalab.test_datalab.TestDatalab" name="test_repeat_find_issues_then_report_with_defaults[Don't use knn_graph-Use pred_probs-Use features-Defaults]" time="12.517" /><testcase classname="tests.datalab.datalab.test_datalab.TestDatalab" name="test_repeat_find_issues_then_report_with_defaults[Don't use knn_graph-Use pred_probs-Use features-Only label issues]" time="12.258" /><testcase classname="tests.datalab.datalab.test_datalab.TestDatalab" name="test_repeat_find_issues_then_report_with_defaults[Don't use knn_graph-Use pred_probs-Use features-Only outlier issues]" time="0.059" /><testcase classname="tests.datalab.datalab.test_datalab.TestDatalab" name="test_repeat_find_issues_then_report_with_defaults[Don't use knn_graph-Use pred_probs-Use features-Only near_duplicate issues]" time="0.070" /><testcase classname="tests.datalab.datalab.test_datalab.TestDatalab" name="test_repeat_find_issues_then_report_with_defaults[Don't use knn_graph-Use pred_probs-Use features-Only non_iid issues]" time="0.060" /><testcase classname="tests.datalab.datalab.test_datalab.TestDatalab" name="test_repeat_find_issues_then_report_with_defaults[Don't use knn_graph-Use pred_probs-Use features-Both outlier and near_duplicate issues]" time="0.096" /><testcase classname="tests.datalab.datalab.test_datalab.TestDatalab" name="test_repeat_find_issues_then_report_with_defaults[Don't use knn_graph-Use pred_probs-Don't use features-Defaults]" time="13.222" /><testcase classname="tests.datalab.datalab.test_datalab.TestDatalab" name="test_repeat_find_issues_then_report_with_defaults[Don't use knn_graph-Use pred_probs-Don't use features-Only label issues]" time="11.698" /><testcase classname="tests.datalab.datalab.test_datalab.TestDatalab" name="test_repeat_find_issues_then_report_with_defaults[Don't use knn_graph-Use pred_probs-Don't use features-Only outlier issues]" time="0.055" /><testcase classname="tests.datalab.datalab.test_datalab.TestDatalab" name="test_repeat_find_issues_then_report_with_defaults[Don't use knn_graph-Use pred_probs-Don't use features-Only near_duplicate issues]" time="0.085" /><testcase classname="tests.datalab.datalab.test_datalab.TestDatalab" name="test_repeat_find_issues_then_report_with_defaults[Don't use knn_graph-Use pred_probs-Don't use features-Only non_iid issues]" time="0.051" /><testcase classname="tests.datalab.datalab.test_datalab.TestDatalab" name="test_repeat_find_issues_then_report_with_defaults[Don't use knn_graph-Use pred_probs-Don't use features-Both outlier and near_duplicate issues]" time="0.087" /><testcase classname="tests.datalab.datalab.test_datalab.TestDatalab" name="test_repeat_find_issues_then_report_with_defaults[Don't use knn_graph-Don't use pred_probs-Use features-Defaults]" time="12.259" /><testcase classname="tests.datalab.datalab.test_datalab.TestDatalab" name="test_repeat_find_issues_then_report_with_defaults[Don't use knn_graph-Don't use pred_probs-Use features-Only label issues]" time="11.433" /><testcase classname="tests.datalab.datalab.test_datalab.TestDatalab" name="test_repeat_find_issues_then_report_with_defaults[Don't use knn_graph-Don't use pred_probs-Use features-Only outlier issues]" time="0.052" /><testcase classname="tests.datalab.datalab.test_datalab.TestDatalab" name="test_repeat_find_issues_then_report_with_defaults[Don't use knn_graph-Don't use pred_probs-Use features-Only near_duplicate issues]" time="0.084" /><testcase classname="tests.datalab.datalab.test_datalab.TestDatalab" name="test_repeat_find_issues_then_report_with_defaults[Don't use knn_graph-Don't use pred_probs-Use features-Only non_iid issues]" time="0.045" /><testcase classname="tests.datalab.datalab.test_datalab.TestDatalab" name="test_repeat_find_issues_then_report_with_defaults[Don't use knn_graph-Don't use pred_probs-Use features-Both outlier and near_duplicate issues]" time="0.090" /><testcase classname="tests.datalab.datalab.test_datalab.TestDatalab" name="test_repeat_find_issues_then_report_with_defaults[Don't use knn_graph-Don't use pred_probs-Don't use features-Defaults]" time="0.037" /><testcase classname="tests.datalab.datalab.test_datalab.TestDatalab" name="test_repeat_find_issues_then_report_with_defaults[Don't use knn_graph-Don't use pred_probs-Don't use features-Only label issues]" time="11.679" /><testcase classname="tests.datalab.datalab.test_datalab.TestDatalab" name="test_repeat_find_issues_then_report_with_defaults[Don't use knn_graph-Don't use pred_probs-Don't use features-Only outlier issues]" time="0.049" /><testcase classname="tests.datalab.datalab.test_datalab.TestDatalab" name="test_repeat_find_issues_then_report_with_defaults[Don't use knn_graph-Don't use pred_probs-Don't use features-Only near_duplicate issues]" time="0.080" /><testcase classname="tests.datalab.datalab.test_datalab.TestDatalab" name="test_repeat_find_issues_then_report_with_defaults[Don't use knn_graph-Don't use pred_probs-Don't use features-Only non_iid issues]" time="0.055" /><testcase classname="tests.datalab.datalab.test_datalab.TestDatalab" name="test_repeat_find_issues_then_report_with_defaults[Don't use knn_graph-Don't use pred_probs-Don't use features-Both outlier and near_duplicate issues]" time="0.138" /><testcase classname="tests.datalab.datalab.test_datalab.TestDatalab" name="test_find_issues_with_custom_hyperparams[euclidean-2]" time="0.098" /><testcase classname="tests.datalab.datalab.test_datalab.TestDatalab" name="test_find_issues_with_custom_hyperparams[euclidean-3]" time="0.050" /><testcase classname="tests.datalab.datalab.test_datalab.TestDatalab" name="test_find_issues_with_custom_hyperparams[cosine-2]" time="0.053" /><testcase classname="tests.datalab.datalab.test_datalab.TestDatalab" name="test_find_issues_with_custom_hyperparams[cosine-3]" time="0.040" /><testcase classname="tests.datalab.datalab.test_datalab.TestDatalab" name="test_update_issues" time="6.595" /><testcase classname="tests.datalab.datalab.test_datalab.TestDatalab" name="test_save" time="0.840" /><testcase classname="tests.datalab.datalab.test_datalab.TestDatalab" name="test_pickle" time="0.593" /><testcase classname="tests.datalab.datalab.test_datalab.TestDatalab" name="test_load" time="0.738" /><testcase classname="tests.datalab.datalab.test_datalab.TestDatalab" name="test_failed_issue_managers[list_possible_issue_types0]" time="0.050" /><testcase classname="tests.datalab.datalab.test_datalab.TestDatalab" name="test_report" time="0.038" /><testcase classname="tests.datalab.datalab.test_datalab.TestDatalabUsingKNNGraph" name="test_knn_graph" time="0.068" /><testcase classname="tests.datalab.datalab.test_datalab.TestDatalabUsingKNNGraph" name="test_features_and_knn_graph" time="0.034" /><testcase classname="tests.datalab.datalab.test_datalab.TestDatalabUsingKNNGraph" name="test_without_features_or_knn_graph" time="0.033" /><testcase classname="tests.datalab.datalab.test_datalab.TestDatalabUsingKNNGraph" name="test_data_valuation_issue_with_knn_graph" time="0.126" /><testcase classname="tests.datalab.datalab.test_datalab.TestDatalabUsingKNNGraph" name="test_data_valuation_issue_with_existing_knn_graph" time="0.059" /><testcase classname="tests.datalab.datalab.test_datalab.TestDatalabUsingKNNGraph" name="test_data_valuation_issue_without_knn_graph" time="0.017" /><testcase classname="tests.datalab.datalab.test_datalab.TestDatalabIssueManagerInteraction" name="test_custom_issue_manager_not_registered" time="0.022" /><testcase classname="tests.datalab.datalab.test_datalab.TestDatalabIssueManagerInteraction" name="test_custom_issue_manager_registered" time="0.170" /><testcase classname="tests.datalab.datalab.test_datalab.TestDatalabIssueManagerInteraction" name="test_find_issues_for_custom_issue_manager_with_custom_kwarg[list_possible_issue_types0]" time="0.029" /><testcase classname="tests.datalab.datalab.test_datalab" name="test_report_for_outlier_issues_via_pred_probs[pred_probs]" time="0.027" /><testcase classname="tests.datalab.datalab.test_datalab" name="test_report_for_outlier_issues_via_pred_probs[features]" time="0.024" /><testcase classname="tests.datalab.datalab.test_datalab" name="test_report_for_outlier_issues_via_pred_probs[pred_probs and features]" time="0.023" /><testcase classname="tests.datalab.datalab.test_datalab" name="test_near_duplicates_reuses_knn_graph" time="2.272" /><testcase classname="tests.datalab.datalab.test_datalab.TestDatalabFindNonIIDIssues" name="test_find_non_iid_issues" time="0.044" /><testcase classname="tests.datalab.datalab.test_datalab.TestDatalabFindNonIIDIssues" name="test_find_non_iid_issues_using_pred_probs" time="0.034" /><testcase classname="tests.datalab.datalab.test_datalab.TestDatalabFindNonIIDIssues" name="test_find_non_iid_issues_sorted" time="0.059" /><testcase classname="tests.datalab.datalab.test_datalab.TestDatalabFindNonIIDIssues" name="test_find_non_iid_issues_sorted_using_pred_probs" time="0.054" /><testcase classname="tests.datalab.datalab.test_datalab.TestDatalabFindNonIIDIssues" name="test_incremental_search" time="0.068" /><testcase classname="tests.datalab.datalab.test_datalab.TestDatalabFindNonIIDIssues" name="test_incremental_search_using_pred_probs" time="0.111" /><testcase classname="tests.datalab.datalab.test_datalab.TestDatalabFindNonIIDIssues" name="test_non_iid_issues_pred_probs_knn_graph_checks" time="2.056" /><testcase classname="tests.datalab.datalab.test_datalab.TestDatalabFindNonIIDIssues" name="test_all_identical_dataset" time="0.041" /><testcase classname="tests.datalab.datalab.test_datalab.TestDatalabFindLabelIssues" name="test_incremental_search" time="21.909" /><testcase classname="tests.datalab.datalab.test_datalab.TestDatalabFindLabelIssues" name="test_build_pred_probs_from_features" time="14.494" /><testcase classname="tests.datalab.datalab.test_datalab.TestDatalabFindLabelIssues" name="test_pred_probs_precedence" time="13.736" /><testcase classname="tests.datalab.datalab.test_datalab.TestDatalabFindOutlierIssues" name="test_incremental_search" time="6.353" /><testcase classname="tests.datalab.datalab.test_datalab.TestDatalabFindOutlierIssues" name="test_all_identical_dataset" time="0.062" /><testcase classname="tests.datalab.datalab.test_datalab.TestDatalabFindNearDuplicateIssues" name="test_incremental_search" time="5.954" /><testcase classname="tests.datalab.datalab.test_datalab.TestDatalabFindNearDuplicateIssues" name="test_fixed_embeddings_outputs" time="0.077" /><testcase classname="tests.datalab.datalab.test_datalab.TestDatalabFindNearDuplicateIssues" name="test_all_identical_dataset" time="0.084" /><testcase classname="tests.datalab.datalab.test_datalab.TestDatalabWithoutLabels" name="test_init" time="0.031" /><testcase classname="tests.datalab.datalab.test_datalab.TestDatalabWithoutLabels" name="test_find_issues" time="0.202" /><testcase classname="tests.datalab.datalab.test_datalab.TestDatalabWithoutLabels" name="test_find_issues_features_works_with_and_without_labels" time="6.278" /><testcase classname="tests.datalab.datalab.test_datalab.TestDataLabClassImbalanceIssues" name="test_incremental_search" time="6.275" /><testcase classname="tests.datalab.datalab.test_datalab.TestDataLabClassImbalanceIssues" name="test_find_imbalance_issues_no_args" time="0.033" /><testcase classname="tests.datalab.datalab.test_datalab.TestDataLabUnderperformingIssue" name="test_incremental_search" time="7.338" /><testcase classname="tests.datalab.datalab.test_datalab.TestDataLabUnderperformingIssue" name="test_underperforming_cluster_id" time="0.042" /><testcase classname="tests.datalab.datalab.test_datalab.TestDataLabUnderperformingIssue" name="test_underperforming_clusters_scores" time="0.121" /><testcase classname="tests.datalab.datalab.test_datalab.TestDataLabUnderperformingIssue" name="test_features_and_knn_graph" time="0.085" /><testcase classname="tests.datalab.datalab.test_datalab.TestDataLabUnderperformingIssue" name="test_precomputed_cluster_ids" time="0.105" /><testcase classname="tests.datalab.datalab.test_datalab.TestDataLabUnderperformingIssue" name="test_no_cluster_ids" time="0.031" /><testcase classname="tests.datalab.datalab.test_datalab.TestDataLabUnderperformingIssue" name="test_all_identical_dataset" time="0.033" /><testcase classname="tests.datalab.datalab.test_datalab.TestDataLabNullIssues" name="test_incremental_search" time="6.413" /><testcase classname="tests.datalab.datalab.test_datalab.TestDataLabNullIssues" name="test_null_issues" time="0.030" /><testcase classname="tests.datalab.datalab.test_datalab.TestDataLabNullIssues" name="test_report" time="0.147" /><testcase classname="tests.datalab.datalab.test_datalab.TestDatalabDataValuation" name="test_find_issues" time="0.095" /><testcase classname="tests.datalab.datalab.test_datalab.TestDatalabDataValuation" name="test_find_issues_with_different_metrics" time="0.070" /><testcase classname="tests.datalab.datalab.test_datalab.TestDatalabDataValuation" name="test_all_identical_dataset" time="0.024" /><testcase classname="tests.datalab.datalab.test_datalab.TestDatalabDataValuation" name="test_label_error_has_lower_data_valuation_score[2-40]" time="0.054" /><testcase classname="tests.datalab.datalab.test_datalab.TestDatalabDataValuation" name="test_label_error_has_lower_data_valuation_score[2-100]" time="0.082" /><testcase classname="tests.datalab.datalab.test_datalab.TestDatalabDataValuation" name="test_label_error_has_lower_data_valuation_score[3-40]" time="0.053" /><testcase classname="tests.datalab.datalab.test_datalab.TestDatalabDataValuation" name="test_label_error_has_lower_data_valuation_score[3-100]" time="0.096" /><testcase classname="tests.datalab.datalab.test_datalab.TestDatalabDataValuation" name="test_label_error_has_lower_data_valuation_score[4-40]" time="0.034" /><testcase classname="tests.datalab.datalab.test_datalab.TestDatalabDataValuation" name="test_label_error_has_lower_data_valuation_score[4-100]" time="0.030" /><testcase classname="tests.datalab.datalab.test_datalab.TestDatalabDataValuation" name="test_outlier_has_lower_data_valuation_score" time="0.033" /><testcase classname="tests.datalab.datalab.test_datalab.TestDatalabDataValuation" name="test_duplicate_points_have_similar_scores" time="0.072" /><testcase classname="tests.datalab.datalab.test_datalab.TestDatalabDataValuation" name="test_removing_low_valuation_points_improves_classification_accuracy_binary[0.2]" time="0.149" /><testcase classname="tests.datalab.datalab.test_datalab.TestDatalabDataValuation" name="test_removing_low_valuation_points_improves_classification_accuracy_binary[0.3]" time="0.068" /><testcase classname="tests.datalab.datalab.test_datalab.TestDatalabDataValuation" name="test_removing_low_valuation_points_improves_classification_accuracy_binary[0.4]" time="0.069" /><testcase classname="tests.datalab.datalab.test_datalab.TestDatalabDataValuation" name="test_removing_low_valuation_points_improves_classification_accuracy_binary[0.5]" time="0.068" /><testcase classname="tests.datalab.datalab.test_datalab.TestDatalabDataValuation" name="test_removing_low_valuation_points_improves_classification_accuracy_multi_class[0.2]" time="0.159" /><testcase classname="tests.datalab.datalab.test_datalab.TestDatalabDataValuation" name="test_removing_low_valuation_points_improves_classification_accuracy_multi_class[0.3]" time="0.159" /><testcase classname="tests.datalab.datalab.test_datalab.TestDatalabDataValuation" name="test_removing_low_valuation_points_improves_classification_accuracy_multi_class[0.4]" time="0.170" /><testcase classname="tests.datalab.datalab.test_datalab.TestDatalabDataValuation" name="test_removing_low_valuation_points_improves_classification_accuracy_multi_class[0.5]" time="0.126" /><testcase classname="tests.datalab.datalab.test_datalab.TestIssueManagersReuseKnnGraph" name="test_underperforming_group_reuses_knn_graph" time="0.540" /><testcase classname="tests.datalab.datalab.test_datalab.TestDatalabDefaultReporting" name="test_report" time="5.710" /><testcase classname="tests.datalab.datalab.test_datalab.TestDatalabDefaultReporting" name="test_report_with_one_label_issue" time="5.766" /><testcase classname="tests.datalab.datalab.test_datalab.TestDatalabGetIssuesMethod" name="test_get_issues_with_unsuccessful_find_issues" time="0.144" /><testcase classname="tests.datalab.datalab.test_datalab.TestDatalabGetIssuesMethod" name="test_invalid_issue_name" time="0.023" /><testcase classname="tests.datalab.datalab.test_datalab.TestDatalabGetIssuesMethod" name="test_get_issues_with_label_check_run_but_no_issues_found" time="0.315" /><testcase classname="tests.datalab.datalab.test_multilabel.TestDatalabForMultilabelClassification" name="test_available_issue_types" time="0.084" /><testcase classname="tests.datalab.datalab.test_multilabel.TestDatalabForMultilabelClassification" name="test_find_label_issues[pred_probs only]" time="18.646" /><testcase classname="tests.datalab.datalab.test_multilabel.TestDatalabForMultilabelClassification" name="test_find_issues_defaults[pred_probs only]" time="17.014" /><testcase classname="tests.datalab.datalab.test_multilabel.TestDatalabForMultilabelClassification" name="test_find_issues_defaults[features only]" time="0.082" /><testcase classname="tests.datalab.datalab.test_multilabel.TestDatalabForMultilabelClassification" name="test_find_issues_defaults[knn_graph only]" time="0.066" /><testcase classname="tests.datalab.datalab.test_regression.TestDatalabForRegression" name="test_available_issue_types" time="0.105" /><testcase classname="tests.datalab.datalab.test_regression.TestDatalabForRegression" name="test_regression_with_features_finds_label_issues" time="0.398" /><testcase classname="tests.datalab.datalab.test_regression.TestDatalabForRegression" name="test_regression_with_predictions_finds_label_issues" time="0.178" /><testcase classname="tests.datalab.datalab.test_regression.TestDatalabForRegression" name="test_regression_with_model_and_features_finds_label_issues" time="27.495" /><testcase classname="tests.datalab.datalab.test_regression.TestDatalabForRegression" name="test_find_issues_defaults[features only]" time="0.208" /><testcase classname="tests.datalab.datalab.test_regression.TestDatalabForRegression" name="test_find_issues_defaults[pred_probs only]" time="0.091" /><testcase classname="tests.datalab.datalab.test_regression.TestDatalabForRegression" name="test_find_issues_defaults[knn_graph only]" time="0.073" /><testcase classname="tests.datalab.datalab.test_regression.TestDatalabForRegression" name="test_find_outliers[features only]" time="0.068" /><testcase classname="tests.datalab.datalab.test_regression.TestDatalabForRegression" name="test_find_outliers[knn_graph only]" time="0.056" /><testcase classname="tests.datalab.datalab.test_regression.TestDatalabForRegression" name="test_find_near_duplicates[features only]" time="0.052" /><testcase classname="tests.datalab.datalab.test_regression.TestDatalabForRegression" name="test_find_near_duplicates[knn_graph only]" time="0.039" /><testcase classname="tests.datalab.datalab.test_regression.TestDatalabForRegression" name="test_find_non_iid[features only]" time="0.453" /><testcase classname="tests.datalab.datalab.test_regression.TestDatalabForRegression" name="test_find_non_iid[knn_graph only]" time="0.424" /><testcase classname="tests.datalab.datalab.test_regression.TestDatalabForRegression" name="test_find_null_issues" time="0.050" /><testcase classname="tests.datalab.issue_manager.multilabel.test_label.TestLabelIssueManager" name="test_find_issues" time="35.537" /><testcase classname="tests.datalab.issue_manager.regression.test_label.TestRegressionLabelIssueManager" name="test_manager_found_in_registry" time="0.005" /><testcase classname="tests.datalab.issue_manager.regression.test_label.TestRegressionLabelIssueManager" name="test_find_issues_with_features" time="0.159" /><testcase classname="tests.datalab.issue_manager.regression.test_label.TestRegressionLabelIssueManager" name="test_init_with_model" time="0.019" /><testcase classname="tests.datalab.issue_manager.regression.test_label.TestRegressionLabelIssueManager" name="test_raises_find_issues_error_without_valid_inputs" time="0.018" /><testcase classname="tests.datalab.issue_manager.regression.test_label.TestRegressionLabelIssueManager" name="test_find_issue_with_predictions" time="0.031" /><testcase classname="tests.datalab.issue_manager.regression.test_label.TestRegressionLabelIssueManagerIntegration" name="test_find_issues_with_features" time="0.236" /><testcase classname="tests.datalab.issue_manager.regression.test_label.TestRegressionLabelIssueManagerIntegration" name="test_find_issues_with_predictions" time="0.328" /><testcase classname="tests.datalab.issue_manager.test_data_valuation.TestDataValuationIssueManager" name="test_find_issues_with_input" time="0.039" /><testcase classname="tests.datalab.issue_manager.test_data_valuation.TestDataValuationIssueManager" name="test_find_issues_with_stats" time="0.039" /><testcase classname="tests.datalab.issue_manager.test_data_valuation.TestDataValuationIssueManager" name="test_get_larger_k_than_knn_graph" time="0.032" /><testcase classname="tests.datalab.issue_manager.test_duplicate.TestNearDuplicateIssueManager" name="test_init" time="0.056" /><testcase classname="tests.datalab.issue_manager.test_duplicate.TestNearDuplicateIssueManager" name="test_find_issues" time="0.073" /><testcase classname="tests.datalab.issue_manager.test_duplicate.TestNearDuplicateIssueManager" name="test_scores_of_examples_with_issues_are_smaller_than_those_without" time="0.061" /><testcase classname="tests.datalab.issue_manager.test_duplicate.TestNearDuplicateIssueManager" name="test_report" time="0.101" /><testcase classname="tests.datalab.issue_manager.test_duplicate.TestNearDuplicateIssueManager" name="test_near_duplicate_sets" time="4.498" /><testcase classname="tests.datalab.issue_manager.test_duplicate.TestNearDuplicateSets" name="test_near_duplicate_sets_empty_if_no_issue_next" time="3.733" /><testcase classname="tests.datalab.issue_manager.test_duplicate.TestNearDuplicateSets" name="test_symmetric_and_flagged_consistency" time="31.184" /><testcase classname="tests.datalab.issue_manager.test_identifier_column.TestIdentifierColumnIssueManager" name="test_is_sequential[arr0-True]" time="0.040" /><testcase classname="tests.datalab.issue_manager.test_identifier_column.TestIdentifierColumnIssueManager" name="test_is_sequential[arr1-False]" time="0.020" /><testcase classname="tests.datalab.issue_manager.test_identifier_column.TestIdentifierColumnIssueManager" name="test_is_sequential[arr2-False]" time="0.019" /><testcase classname="tests.datalab.issue_manager.test_identifier_column.TestIdentifierColumnIssueManager" name="test_is_sequential[arr3-False]" time="0.020" /><testcase classname="tests.datalab.issue_manager.test_identifier_column.TestIdentifierColumnIssueManager" name="test_is_sequential[arr4-True]" time="0.016" /><testcase classname="tests.datalab.issue_manager.test_identifier_column.TestIdentifierColumnIssueManager" name="test_is_sequential[arr5-False]" time="0.018" /><testcase classname="tests.datalab.issue_manager.test_identifier_column.TestIdentifierColumnIssueManager" name="test_is_sequential[arr6-True]" time="0.018" /><testcase classname="tests.datalab.issue_manager.test_identifier_column.TestIdentifierColumnIssueManager" name="test_is_sequential[arr7-True]" time="0.014" /><testcase classname="tests.datalab.issue_manager.test_identifier_column.TestIdentifierColumnIssueManager" name="test_is_sequential[arr8-False]" time="0.017" /><testcase classname="tests.datalab.issue_manager.test_identifier_column.TestIdentifierColumnIssueManager" name="test_is_sequential[arr9-False]" time="0.019" /><testcase classname="tests.datalab.issue_manager.test_identifier_column.TestIdentifierColumnIssueManager" name="test_prepare_features[features0-expected_prepared_features0]" time="0.020" /><testcase classname="tests.datalab.issue_manager.test_identifier_column.TestIdentifierColumnIssueManager" name="test_prepare_features[features1-expected_prepared_features1]" time="0.021" /><testcase classname="tests.datalab.issue_manager.test_identifier_column.TestIdentifierColumnIssueManager" name="test_prepare_features[features2-expected_prepared_features2]" time="0.019" /><testcase classname="tests.datalab.issue_manager.test_identifier_column.TestIdentifierColumnIssueManager" name="test_prepare_features[features3-expected_prepared_features3]" time="0.023" /><testcase classname="tests.datalab.issue_manager.test_identifier_column.TestIdentifierColumnIssueManager" name="test_prepare_features[features4-expected_prepared_features4]" time="0.018" /><testcase classname="tests.datalab.issue_manager.test_identifier_column.TestIdentifierColumnIssueManager" name="test_prepare_features[features5-expected_prepared_features5]" time="0.020" /><testcase classname="tests.datalab.issue_manager.test_identifier_column.TestIdentifierColumnIssueManager" name="test_prepare_features[features6-expected_prepared_features6]" time="0.021" /><testcase classname="tests.datalab.issue_manager.test_identifier_column.TestIdentifierColumnIssueManager" name="test_find_issues[features0-expected_indices0-0.0]" time="0.028" /><testcase classname="tests.datalab.issue_manager.test_identifier_column.TestIdentifierColumnIssueManager" name="test_find_issues[features1-expected_indices1-0.0]" time="0.023" /><testcase classname="tests.datalab.issue_manager.test_identifier_column.TestIdentifierColumnIssueManager" name="test_find_issues[features2-expected_indices2-1.0]" time="0.023" /><testcase classname="tests.datalab.issue_manager.test_identifier_column.TestIdentifierColumnIssueManager" name="test_find_issues[features3-expected_indices3-1.0]" time="0.025" /><testcase classname="tests.datalab.issue_manager.test_identifier_column.TestIdentifierColumnIssueManager" name="test_find_issues[features4-expected_indices4-0.0]" time="0.025" /><testcase classname="tests.datalab.issue_manager.test_identifier_column.TestIdentifierColumnIssueManager" name="test_find_issues[features5-expected_indices5-1.0]" time="0.023" /><testcase classname="tests.datalab.issue_manager.test_identifier_column.TestIdentifierColumnIssueManager" name="test_find_issues[features6-expected_indices6-0.0]" time="0.025" /><testcase classname="tests.datalab.issue_manager.test_identifier_column.TestIdentifierColumnIssueManager" name="test_issue_attribute[features0-expected_is_identifier_column_issue0-expected_is_identifier_column0]" time="0.018" /><testcase classname="tests.datalab.issue_manager.test_identifier_column.TestIdentifierColumnIssueManager" name="test_issue_attribute[features1-expected_is_identifier_column_issue1-expected_is_identifier_column1]" time="0.022" /><testcase classname="tests.datalab.issue_manager.test_identifier_column.TestIdentifierColumnIssueManager" name="test_issue_attribute[features2-expected_is_identifier_column_issue2-expected_is_identifier_column2]" time="0.024" /><testcase classname="tests.datalab.issue_manager.test_identifier_column.TestIdentifierColumnIssueManager" name="test_issue_attribute[features3-expected_is_identifier_column_issue3-expected_is_identifier_column3]" time="0.022" /><testcase classname="tests.datalab.issue_manager.test_imbalance.TestClassImbalanceIssueManager" name="test_find_issues" time="0.028" /><testcase classname="tests.datalab.issue_manager.test_imbalance.TestClassImbalanceIssueManager" name="test_find_issues_no_imbalance" time="0.023" /><testcase classname="tests.datalab.issue_manager.test_imbalance.TestClassImbalanceIssueManager" name="test_find_issues_more_imbalance" time="0.022" /><testcase classname="tests.datalab.issue_manager.test_imbalance.TestClassImbalanceIssueManager" name="test_report" time="0.022" /><testcase classname="tests.datalab.issue_manager.test_imbalance.TestClassImbalanceIssueManager" name="test_collect_info" time="0.018" /><testcase classname="tests.datalab.issue_manager.test_knn_graph.TestKNNGraph" name="test_knn_graph" time="7.452" /><testcase classname="tests.datalab.issue_manager.test_knn_graph_helpers.TestProcessKNNGraphFromInputs" name="test_knn_graph_provided_in_kwargs" time="0.006" /><testcase classname="tests.datalab.issue_manager.test_knn_graph_helpers.TestProcessKNNGraphFromInputs" name="test_knn_graph_stored_in_statistics" time="0.002" /><testcase classname="tests.datalab.issue_manager.test_knn_graph_helpers.TestProcessKNNGraphFromInputs" name="test_knn_graph_precedence_of_kwargs_over_statistics" time="0.004" /><testcase classname="tests.datalab.issue_manager.test_knn_graph_helpers.TestProcessKNNGraphFromInputs" name="test_no_knn_graph_provided" time="0.002" /><testcase classname="tests.datalab.issue_manager.test_knn_graph_helpers.TestProcessKNNGraphFromInputs" name="test_insufficient_knn_graph" time="0.004" /><testcase classname="tests.datalab.issue_manager.test_knn_graph_helpers.TestSetKNNGraph" name="test_knn_graph_provided_in_kwargs" time="0.019" /><testcase classname="tests.datalab.issue_manager.test_knn_graph_helpers.TestSetKNNGraph" name="test_knn_graph_stored_in_statistics" time="0.022" /><testcase classname="tests.datalab.issue_manager.test_knn_graph_helpers.TestSetKNNGraph" name="test_knn_graph_precedence_of_kwargs_over_statistics" time="0.026" /><testcase classname="tests.datalab.issue_manager.test_knn_graph_helpers.TestSetKNNGraph" name="test_no_knn_graph_provided" time="0.009" /><testcase classname="tests.datalab.issue_manager.test_knn_graph_helpers.TestSetKNNGraph" name="test_metric_change_requires_new_knn_graph" time="0.014" /><testcase classname="tests.datalab.issue_manager.test_knn_graph_helpers.TestSetKNNGraph" name="test_knn_graph_with_insufficient_graph" time="0.026" /><testcase classname="tests.datalab.issue_manager.test_knn_graph_helpers.TestSetKNNGraph" name="test_knn_returned" time="0.014" /><testcase classname="tests.datalab.issue_manager.test_label.TestLabelIssueManager" name="test_find_issues" time="9.925" /><testcase classname="tests.datalab.issue_manager.test_label.TestLabelIssueManager" name="test_find_issues_with_kwargs" time="7.423" /><testcase classname="tests.datalab.issue_manager.test_label.TestLabelIssueManager" name="test_init_with_clean_learning_kwargs" time="0.025" /><testcase classname="tests.datalab.issue_manager.test_label.TestLabelIssueManager" name="test_get_summary_parameters" time="0.019" /><testcase classname="tests.datalab.issue_manager.test_noniid" name="test_simplified_kolmogorov_smirnov_test[equal_histograms]" time="0.004" /><testcase classname="tests.datalab.issue_manager.test_noniid" name="test_simplified_kolmogorov_smirnov_test[maximum_difference_in_first_bin]" time="0.003" /><testcase classname="tests.datalab.issue_manager.test_noniid" name="test_simplified_kolmogorov_smirnov_test[maximum_difference_in_last_bin]" time="0.003" /><testcase classname="tests.datalab.issue_manager.test_noniid" name="test_simplified_kolmogorov_smirnov_test[arbitrary_histograms]" time="0.003" /><testcase classname="tests.datalab.issue_manager.test_noniid.TestNonIIDIssueManager" name="test_init" time="0.022" /><testcase classname="tests.datalab.issue_manager.test_noniid.TestNonIIDIssueManager" name="test_find_issues" time="0.083" /><testcase classname="tests.datalab.issue_manager.test_noniid.TestNonIIDIssueManager" name="test_find_issues_using_pred_probs" time="0.038" /><testcase classname="tests.datalab.issue_manager.test_noniid.TestNonIIDIssueManager" name="test_report" time="0.044" /><testcase classname="tests.datalab.issue_manager.test_noniid.TestNonIIDIssueManager" name="test_report_using_pred_probs" time="0.043" /><testcase classname="tests.datalab.issue_manager.test_noniid.TestNonIIDIssueManager" name="test_collect_info" time="0.026" /><testcase classname="tests.datalab.issue_manager.test_noniid.TestNonIIDIssueManager" name="test_collect_info_using_pred_probs" time="0.027" /><testcase classname="tests.datalab.issue_manager.test_noniid.TestNonIIDIssueManager" name="test_seed[default]" time="0.298" /><testcase classname="tests.datalab.issue_manager.test_noniid.TestNonIIDIssueManager" name="test_seed[seed]" time="0.262" /><testcase classname="tests.datalab.issue_manager.test_noniid.TestNonIIDIssueManager" name="test_seed[no_seed]" time="0.306" /><testcase classname="tests.datalab.issue_manager.test_null.TestNullIssueManager" name="test_init" time="0.018" /><testcase classname="tests.datalab.issue_manager.test_null.TestNullIssueManager" name="test_find_issues" time="0.024" /><testcase classname="tests.datalab.issue_manager.test_null.TestNullIssueManager" name="test_find_issues_with_null" time="0.025" /><testcase classname="tests.datalab.issue_manager.test_null.TestNullIssueManager" name="test_report" time="0.049" /><testcase classname="tests.datalab.issue_manager.test_null.TestNullIssueManager" name="test_report_with_null" time="0.038" /><testcase classname="tests.datalab.issue_manager.test_null.TestNullIssueManager" name="test_collect_info" time="0.021" /><testcase classname="tests.datalab.issue_manager.test_null.TestNullIssueManager" name="test_collect_info_with_nulls" time="0.021" /><testcase classname="tests.datalab.issue_manager.test_null.TestNullIssueManager" name="test_can_work_with_different_dtypes" time="0.023" /><testcase classname="tests.datalab.issue_manager.test_null.TestNullIssueManager" name="test_quality_scores_and_full_null_row_identification" time="0.685" /><testcase classname="tests.datalab.issue_manager.test_outlier.TestOutlierIssueManager" name="test_init" time="0.021" /><testcase classname="tests.datalab.issue_manager.test_outlier.TestOutlierIssueManager" name="test_find_issues" time="0.051" /><testcase classname="tests.datalab.issue_manager.test_outlier.TestOutlierIssueManager" name="test_find_issues_with_pred_probs" time="0.025" /><testcase classname="tests.datalab.issue_manager.test_outlier.TestOutlierIssueManager" name="test_find_issues_with_different_thresholds" time="0.025" /><testcase classname="tests.datalab.issue_manager.test_outlier.TestOutlierIssueManager" name="test_report" time="0.042" /><testcase classname="tests.datalab.issue_manager.test_outlier.TestOutlierIssueManager" name="test_collect_info" time="0.025" /><testcase classname="tests.datalab.issue_manager.test_underperforming_group.TestUnderperformingGroupIssueManager" name="test_find_issues_no_underperforming_group" time="0.078" /><testcase classname="tests.datalab.issue_manager.test_underperforming_group.TestUnderperformingGroupIssueManager" name="test_find_issues" time="0.047" /><testcase classname="tests.datalab.issue_manager.test_underperforming_group.TestUnderperformingGroupIssueManager" name="test_collect_info" time="0.039" /><testcase classname="tests.datalab.issue_manager.test_underperforming_group.TestUnderperformingGroupIssueManager" name="test_no_meaningful_clusters" time="0.025"><failure message="AttributeError: property 'k' of 'UnderperformingGroupIssueManager' object has no setter">self = &lt;issue_manager.test_underperforming_group.TestUnderperformingGroupIssueManager object at 0x00000272BC538B00&gt;
issue_manager = UnderperformingGroupIssueManager, make_data = &lt;function TestUnderperformingGroupIssueManager.make_data.&lt;locals&gt;.data at 0x00000272D8DC7ED0&gt;
monkeypatch = &lt;_pytest.monkeypatch.MonkeyPatch object at 0x00000272DD1F3D90&gt;

    def test_no_meaningful_clusters(self, issue_manager, make_data, monkeypatch):
        np.random.seed(SEED)
        data = make_data()
        k = 10
        N = 20
        # Generate sparse data that cannot be clustered by DBSCAN
        features = np.random.uniform(-100, 100, (N, 2))
        # Dummy pred_probs and labels for running issue manager
        pred_probs = data["pred_probs"][:N]
        monkeypatch.setattr(issue_manager.datalab._labels, "labels", data["labels"][:N])
&gt;       monkeypatch.setattr(issue_manager, "k", k)  # Ensure that k is smaller than N
        ^^^^^^^^^^^^^^^^^^^^^^^^^^^^^^^^^^^^^^^^^^
E       AttributeError: property 'k' of 'UnderperformingGroupIssueManager' object has no setter

tests\datalab\issue_manager\test_underperforming_group.py:163: AttributeError</failure></testcase><testcase classname="tests.datalab.issue_manager.test_underperforming_group.TestUnderperformingGroupIssueManager" name="test_min_cluster_samples" time="0.028" /><testcase classname="tests.datalab.issue_manager.test_underperforming_group.TestUnderperformingGroupIssueManager" name="test_find_issues_feature_subset" time="0.037"><failure message="AttributeError: property 'clustering_kwargs' of 'UnderperformingGroupIssueManager' object has no setter">self = &lt;issue_manager.test_underperforming_group.TestUnderperformingGroupIssueManager object at 0x00000272BC4FD480&gt;
issue_manager = UnderperformingGroupIssueManager
iris_data = {'features': array([[5.1, 3.5, 1.4, 0.2],
       [4.9, 3. , 1.4, 0.2],
       [4.7, 3.2, 1.3, 0.2],
       [4.6, 3.1, ...2, 2, 2, 2, 2, 2, 2, 2, 2, 2, 2, 2, 2, 2, 2, 2, 2, 2, 2,
       2, 2, 2, 2, 2, 2, 2, 2, 2, 2, 2, 2, 2, 2, 2, 2, 2, 2])}
monkeypatch = &lt;_pytest.monkeypatch.MonkeyPatch object at 0x00000272DD2B0E50&gt;

    def test_find_issues_feature_subset(self, issue_manager, iris_data, monkeypatch):
        features, pred_probs, labels = (
            iris_data["features"],
            iris_data["pred_probs"],
            iris_data["labels"],
        )
        # TODO: Better asserts required. Ideally -&gt; 3 clusters, 50 samples with issue.
        monkeypatch.setattr(issue_manager.datalab._labels, "labels", labels)
&gt;       monkeypatch.setattr(issue_manager, "clustering_kwargs", {"eps": 0.5})
E       AttributeError: property 'clustering_kwargs' of 'UnderperformingGroupIssueManager' object has no setter

tests\datalab\issue_manager\test_underperforming_group.py:205: AttributeError</failure></testcase><testcase classname="tests.datalab.issue_manager.test_underperforming_group.TestUnderperformingGroupIssueManager" name="test_knn_graph_change" time="0.023" /><testcase classname="tests.datalab.issue_manager.test_underperforming_group.TestUnderperformingGroupIssueManager" name="test_report" time="0.027" /><testcase classname="tests.datalab.test_cleanvision_integration.TestCleanvisionIntegration" name="test_imagelab_issues_checked" time="0.861"><error message="failed on setup with &quot;datasets.data_files.EmptyDatasetError: The directory at D:/cleanlab/tests/datalab/data doesn't contain any data files&quot;">@pytest.fixture
    def image_dataset():
        data_path = "./tests/datalab/data"
&gt;       dataset = load_dataset(
            "imagefolder",
            data_dir=data_path,
            split="train",
        )

tests\datalab\conftest.py:123: 
_ _ _ _ _ _ _ _ _ _ _ _ _ _ _ _ _ _ _ _ _ _ _ _ _ _ _ _ _ _ _ _ _ _ _ _ _ _ _ _ _ _ _ _ _ _ _ _ _ _ _ _ _ _ _ _ _ _ _ _ _ _ _ _ _ _ _ _ _ _ _ _ _ _ _ _ _ _
C:\Users\franc\AppData\Roaming\Python\Python314\site-packages\datasets\load.py:1698: in load_dataset
    builder_instance = load_dataset_builder(
C:\Users\franc\AppData\Roaming\Python\Python314\site-packages\datasets\load.py:1325: in load_dataset_builder
    dataset_module = dataset_module_factory(
C:\Users\franc\AppData\Roaming\Python\Python314\site-packages\datasets\load.py:1065: in dataset_module_factory
    ).get_module()
      ^^^^^^^^^^^^
C:\Users\franc\AppData\Roaming\Python\Python314\site-packages\datasets\load.py:541: in get_module
    else get_data_patterns(base_path, download_config=self.download_config)
         ^^^^^^^^^^^^^^^^^^^^^^^^^^^^^^^^^^^^^^^^^^^^^^^^^^^^^^^^^^^^^^^^^^
_ _ _ _ _ _ _ _ _ _ _ _ _ _ _ _ _ _ _ _ _ _ _ _ _ _ _ _ _ _ _ _ _ _ _ _ _ _ _ _ _ _ _ _ _ _ _ _ _ _ _ _ _ _ _ _ _ _ _ _ _ _ _ _ _ _ _ _ _ _ _ _ _ _ _ _ _ _

base_path = 'D:/cleanlab/tests/datalab/data'
download_config = DownloadConfig(cache_dir=None, force_download=False, resume_download=False, local_files_only=False, proxies=None, user...e, use_etag=True, num_proc=None, max_retries=1, token=None, storage_options={}, download_desc=None, disable_tqdm=False)

    def get_data_patterns(base_path: str, download_config: Optional[DownloadConfig] = None) -&gt; dict[str, list[str]]:
        """
        Get the default pattern from a directory testing all the supported patterns.
        The first patterns to return a non-empty list of data files is returned.
    
        Some examples of supported patterns:
    
        Input:
    
            my_dataset_repository/
            ├── README.md
            └── dataset.csv
    
        Output:
    
            {'train': ['**']}
    
        Input:
    
            my_dataset_repository/
            ├── README.md
            ├── train.csv
            └── test.csv
    
            my_dataset_repository/
            ├── README.md
            └── data/
                ├── train.csv
                └── test.csv
    
            my_dataset_repository/
            ├── README.md
            ├── train_0.csv
            ├── train_1.csv
            ├── train_2.csv
            ├── train_3.csv
            ├── test_0.csv
            └── test_1.csv
    
        Output:
    
            {'train': ['**/train[-._ 0-9]*', '**/*[-._ 0-9]train[-._ 0-9]*', '**/training[-._ 0-9]*', '**/*[-._ 0-9]training[-._ 0-9]*'],
             'test': ['**/test[-._ 0-9]*', '**/*[-._ 0-9]test[-._ 0-9]*', '**/testing[-._ 0-9]*', '**/*[-._ 0-9]testing[-._ 0-9]*', ...]}
    
        Input:
    
            my_dataset_repository/
            ├── README.md
            └── data/
                ├── train/
                │   ├── shard_0.csv
                │   ├── shard_1.csv
                │   ├── shard_2.csv
                │   └── shard_3.csv
                └── test/
                    ├── shard_0.csv
                    └── shard_1.csv
    
        Output:
    
            {'train': ['**/train/**', '**/train[-._ 0-9]*/**', '**/*[-._ 0-9]train/**', '**/*[-._ 0-9]train[-._ 0-9]*/**', ...],
             'test': ['**/test/**', '**/test[-._ 0-9]*/**', '**/*[-._ 0-9]test/**', '**/*[-._ 0-9]test[-._ 0-9]*/**', ...]}
    
        Input:
    
            my_dataset_repository/
            ├── README.md
            └── data/
                ├── train-00000-of-00003.csv
                ├── train-00001-of-00003.csv
                ├── train-00002-of-00003.csv
                ├── test-00000-of-00001.csv
                ├── random-00000-of-00003.csv
                ├── random-00001-of-00003.csv
                └── random-00002-of-00003.csv
    
        Output:
    
            {'train': ['data/train-[0-9][0-9][0-9][0-9][0-9]-of-[0-9][0-9][0-9][0-9][0-9]*.*'],
             'test': ['data/test-[0-9][0-9][0-9][0-9][0-9]-of-[0-9][0-9][0-9][0-9][0-9]*.*'],
             'random': ['data/random-[0-9][0-9][0-9][0-9][0-9]-of-[0-9][0-9][0-9][0-9][0-9]*.*']}
    
        In order, it first tests if SPLIT_PATTERN_SHARDED works, otherwise it tests the patterns in ALL_DEFAULT_PATTERNS.
        """
        resolver = partial(resolve_pattern, base_path=base_path, download_config=download_config)
        try:
            return _get_data_files_patterns(resolver)
        except FileNotFoundError:
&gt;           raise EmptyDatasetError(f"The directory at {base_path} doesn't contain any data files") from None
E           datasets.data_files.EmptyDatasetError: The directory at D:/cleanlab/tests/datalab/data doesn't contain any data files

C:\Users\franc\AppData\Roaming\Python\Python314\site-packages\datasets\data_files.py:495: EmptyDatasetError</error></testcase><testcase classname="tests.datalab.test_cleanvision_integration.TestCleanvisionIntegration" name="test_imagelab_max_prevalence" time="0.118"><error message="failed on setup with &quot;datasets.data_files.EmptyDatasetError: The directory at D:/cleanlab/tests/datalab/data doesn't contain any data files&quot;">@pytest.fixture
    def image_dataset():
        data_path = "./tests/datalab/data"
&gt;       dataset = load_dataset(
            "imagefolder",
            data_dir=data_path,
            split="train",
        )

tests\datalab\conftest.py:123: 
_ _ _ _ _ _ _ _ _ _ _ _ _ _ _ _ _ _ _ _ _ _ _ _ _ _ _ _ _ _ _ _ _ _ _ _ _ _ _ _ _ _ _ _ _ _ _ _ _ _ _ _ _ _ _ _ _ _ _ _ _ _ _ _ _ _ _ _ _ _ _ _ _ _ _ _ _ _
C:\Users\franc\AppData\Roaming\Python\Python314\site-packages\datasets\load.py:1698: in load_dataset
    builder_instance = load_dataset_builder(
C:\Users\franc\AppData\Roaming\Python\Python314\site-packages\datasets\load.py:1325: in load_dataset_builder
    dataset_module = dataset_module_factory(
C:\Users\franc\AppData\Roaming\Python\Python314\site-packages\datasets\load.py:1065: in dataset_module_factory
    ).get_module()
      ^^^^^^^^^^^^
C:\Users\franc\AppData\Roaming\Python\Python314\site-packages\datasets\load.py:541: in get_module
    else get_data_patterns(base_path, download_config=self.download_config)
         ^^^^^^^^^^^^^^^^^^^^^^^^^^^^^^^^^^^^^^^^^^^^^^^^^^^^^^^^^^^^^^^^^^
_ _ _ _ _ _ _ _ _ _ _ _ _ _ _ _ _ _ _ _ _ _ _ _ _ _ _ _ _ _ _ _ _ _ _ _ _ _ _ _ _ _ _ _ _ _ _ _ _ _ _ _ _ _ _ _ _ _ _ _ _ _ _ _ _ _ _ _ _ _ _ _ _ _ _ _ _ _

base_path = 'D:/cleanlab/tests/datalab/data'
download_config = DownloadConfig(cache_dir=None, force_download=False, resume_download=False, local_files_only=False, proxies=None, user...e, use_etag=True, num_proc=None, max_retries=1, token=None, storage_options={}, download_desc=None, disable_tqdm=False)

    def get_data_patterns(base_path: str, download_config: Optional[DownloadConfig] = None) -&gt; dict[str, list[str]]:
        """
        Get the default pattern from a directory testing all the supported patterns.
        The first patterns to return a non-empty list of data files is returned.
    
        Some examples of supported patterns:
    
        Input:
    
            my_dataset_repository/
            ├── README.md
            └── dataset.csv
    
        Output:
    
            {'train': ['**']}
    
        Input:
    
            my_dataset_repository/
            ├── README.md
            ├── train.csv
            └── test.csv
    
            my_dataset_repository/
            ├── README.md
            └── data/
                ├── train.csv
                └── test.csv
    
            my_dataset_repository/
            ├── README.md
            ├── train_0.csv
            ├── train_1.csv
            ├── train_2.csv
            ├── train_3.csv
            ├── test_0.csv
            └── test_1.csv
    
        Output:
    
            {'train': ['**/train[-._ 0-9]*', '**/*[-._ 0-9]train[-._ 0-9]*', '**/training[-._ 0-9]*', '**/*[-._ 0-9]training[-._ 0-9]*'],
             'test': ['**/test[-._ 0-9]*', '**/*[-._ 0-9]test[-._ 0-9]*', '**/testing[-._ 0-9]*', '**/*[-._ 0-9]testing[-._ 0-9]*', ...]}
    
        Input:
    
            my_dataset_repository/
            ├── README.md
            └── data/
                ├── train/
                │   ├── shard_0.csv
                │   ├── shard_1.csv
                │   ├── shard_2.csv
                │   └── shard_3.csv
                └── test/
                    ├── shard_0.csv
                    └── shard_1.csv
    
        Output:
    
            {'train': ['**/train/**', '**/train[-._ 0-9]*/**', '**/*[-._ 0-9]train/**', '**/*[-._ 0-9]train[-._ 0-9]*/**', ...],
             'test': ['**/test/**', '**/test[-._ 0-9]*/**', '**/*[-._ 0-9]test/**', '**/*[-._ 0-9]test[-._ 0-9]*/**', ...]}
    
        Input:
    
            my_dataset_repository/
            ├── README.md
            └── data/
                ├── train-00000-of-00003.csv
                ├── train-00001-of-00003.csv
                ├── train-00002-of-00003.csv
                ├── test-00000-of-00001.csv
                ├── random-00000-of-00003.csv
                ├── random-00001-of-00003.csv
                └── random-00002-of-00003.csv
    
        Output:
    
            {'train': ['data/train-[0-9][0-9][0-9][0-9][0-9]-of-[0-9][0-9][0-9][0-9][0-9]*.*'],
             'test': ['data/test-[0-9][0-9][0-9][0-9][0-9]-of-[0-9][0-9][0-9][0-9][0-9]*.*'],
             'random': ['data/random-[0-9][0-9][0-9][0-9][0-9]-of-[0-9][0-9][0-9][0-9][0-9]*.*']}
    
        In order, it first tests if SPLIT_PATTERN_SHARDED works, otherwise it tests the patterns in ALL_DEFAULT_PATTERNS.
        """
        resolver = partial(resolve_pattern, base_path=base_path, download_config=download_config)
        try:
            return _get_data_files_patterns(resolver)
        except FileNotFoundError:
&gt;           raise EmptyDatasetError(f"The directory at {base_path} doesn't contain any data files") from None
E           datasets.data_files.EmptyDatasetError: The directory at D:/cleanlab/tests/datalab/data doesn't contain any data files

C:\Users\franc\AppData\Roaming\Python\Python314\site-packages\datasets\data_files.py:495: EmptyDatasetError</error></testcase><testcase classname="tests.datalab.test_cleanvision_integration.TestCleanvisionIntegration" name="test_imagelab_issues_not_checked" time="0.113"><error message="failed on setup with &quot;datasets.data_files.EmptyDatasetError: The directory at D:/cleanlab/tests/datalab/data doesn't contain any data files&quot;">@pytest.fixture
    def image_dataset():
        data_path = "./tests/datalab/data"
&gt;       dataset = load_dataset(
            "imagefolder",
            data_dir=data_path,
            split="train",
        )

tests\datalab\conftest.py:123: 
_ _ _ _ _ _ _ _ _ _ _ _ _ _ _ _ _ _ _ _ _ _ _ _ _ _ _ _ _ _ _ _ _ _ _ _ _ _ _ _ _ _ _ _ _ _ _ _ _ _ _ _ _ _ _ _ _ _ _ _ _ _ _ _ _ _ _ _ _ _ _ _ _ _ _ _ _ _
C:\Users\franc\AppData\Roaming\Python\Python314\site-packages\datasets\load.py:1698: in load_dataset
    builder_instance = load_dataset_builder(
C:\Users\franc\AppData\Roaming\Python\Python314\site-packages\datasets\load.py:1325: in load_dataset_builder
    dataset_module = dataset_module_factory(
C:\Users\franc\AppData\Roaming\Python\Python314\site-packages\datasets\load.py:1065: in dataset_module_factory
    ).get_module()
      ^^^^^^^^^^^^
C:\Users\franc\AppData\Roaming\Python\Python314\site-packages\datasets\load.py:541: in get_module
    else get_data_patterns(base_path, download_config=self.download_config)
         ^^^^^^^^^^^^^^^^^^^^^^^^^^^^^^^^^^^^^^^^^^^^^^^^^^^^^^^^^^^^^^^^^^
_ _ _ _ _ _ _ _ _ _ _ _ _ _ _ _ _ _ _ _ _ _ _ _ _ _ _ _ _ _ _ _ _ _ _ _ _ _ _ _ _ _ _ _ _ _ _ _ _ _ _ _ _ _ _ _ _ _ _ _ _ _ _ _ _ _ _ _ _ _ _ _ _ _ _ _ _ _

base_path = 'D:/cleanlab/tests/datalab/data'
download_config = DownloadConfig(cache_dir=None, force_download=False, resume_download=False, local_files_only=False, proxies=None, user...e, use_etag=True, num_proc=None, max_retries=1, token=None, storage_options={}, download_desc=None, disable_tqdm=False)

    def get_data_patterns(base_path: str, download_config: Optional[DownloadConfig] = None) -&gt; dict[str, list[str]]:
        """
        Get the default pattern from a directory testing all the supported patterns.
        The first patterns to return a non-empty list of data files is returned.
    
        Some examples of supported patterns:
    
        Input:
    
            my_dataset_repository/
            ├── README.md
            └── dataset.csv
    
        Output:
    
            {'train': ['**']}
    
        Input:
    
            my_dataset_repository/
            ├── README.md
            ├── train.csv
            └── test.csv
    
            my_dataset_repository/
            ├── README.md
            └── data/
                ├── train.csv
                └── test.csv
    
            my_dataset_repository/
            ├── README.md
            ├── train_0.csv
            ├── train_1.csv
            ├── train_2.csv
            ├── train_3.csv
            ├── test_0.csv
            └── test_1.csv
    
        Output:
    
            {'train': ['**/train[-._ 0-9]*', '**/*[-._ 0-9]train[-._ 0-9]*', '**/training[-._ 0-9]*', '**/*[-._ 0-9]training[-._ 0-9]*'],
             'test': ['**/test[-._ 0-9]*', '**/*[-._ 0-9]test[-._ 0-9]*', '**/testing[-._ 0-9]*', '**/*[-._ 0-9]testing[-._ 0-9]*', ...]}
    
        Input:
    
            my_dataset_repository/
            ├── README.md
            └── data/
                ├── train/
                │   ├── shard_0.csv
                │   ├── shard_1.csv
                │   ├── shard_2.csv
                │   └── shard_3.csv
                └── test/
                    ├── shard_0.csv
                    └── shard_1.csv
    
        Output:
    
            {'train': ['**/train/**', '**/train[-._ 0-9]*/**', '**/*[-._ 0-9]train/**', '**/*[-._ 0-9]train[-._ 0-9]*/**', ...],
             'test': ['**/test/**', '**/test[-._ 0-9]*/**', '**/*[-._ 0-9]test/**', '**/*[-._ 0-9]test[-._ 0-9]*/**', ...]}
    
        Input:
    
            my_dataset_repository/
            ├── README.md
            └── data/
                ├── train-00000-of-00003.csv
                ├── train-00001-of-00003.csv
                ├── train-00002-of-00003.csv
                ├── test-00000-of-00001.csv
                ├── random-00000-of-00003.csv
                ├── random-00001-of-00003.csv
                └── random-00002-of-00003.csv
    
        Output:
    
            {'train': ['data/train-[0-9][0-9][0-9][0-9][0-9]-of-[0-9][0-9][0-9][0-9][0-9]*.*'],
             'test': ['data/test-[0-9][0-9][0-9][0-9][0-9]-of-[0-9][0-9][0-9][0-9][0-9]*.*'],
             'random': ['data/random-[0-9][0-9][0-9][0-9][0-9]-of-[0-9][0-9][0-9][0-9][0-9]*.*']}
    
        In order, it first tests if SPLIT_PATTERN_SHARDED works, otherwise it tests the patterns in ALL_DEFAULT_PATTERNS.
        """
        resolver = partial(resolve_pattern, base_path=base_path, download_config=download_config)
        try:
            return _get_data_files_patterns(resolver)
        except FileNotFoundError:
&gt;           raise EmptyDatasetError(f"The directory at {base_path} doesn't contain any data files") from None
E           datasets.data_files.EmptyDatasetError: The directory at D:/cleanlab/tests/datalab/data doesn't contain any data files

C:\Users\franc\AppData\Roaming\Python\Python314\site-packages\datasets\data_files.py:495: EmptyDatasetError</error></testcase><testcase classname="tests.datalab.test_cleanvision_integration.TestCleanvisionIntegration" name="test_incremental_issue_check" time="0.111"><error message="failed on setup with &quot;datasets.data_files.EmptyDatasetError: The directory at D:/cleanlab/tests/datalab/data doesn't contain any data files&quot;">@pytest.fixture
    def image_dataset():
        data_path = "./tests/datalab/data"
&gt;       dataset = load_dataset(
            "imagefolder",
            data_dir=data_path,
            split="train",
        )

tests\datalab\conftest.py:123: 
_ _ _ _ _ _ _ _ _ _ _ _ _ _ _ _ _ _ _ _ _ _ _ _ _ _ _ _ _ _ _ _ _ _ _ _ _ _ _ _ _ _ _ _ _ _ _ _ _ _ _ _ _ _ _ _ _ _ _ _ _ _ _ _ _ _ _ _ _ _ _ _ _ _ _ _ _ _
C:\Users\franc\AppData\Roaming\Python\Python314\site-packages\datasets\load.py:1698: in load_dataset
    builder_instance = load_dataset_builder(
C:\Users\franc\AppData\Roaming\Python\Python314\site-packages\datasets\load.py:1325: in load_dataset_builder
    dataset_module = dataset_module_factory(
C:\Users\franc\AppData\Roaming\Python\Python314\site-packages\datasets\load.py:1065: in dataset_module_factory
    ).get_module()
      ^^^^^^^^^^^^
C:\Users\franc\AppData\Roaming\Python\Python314\site-packages\datasets\load.py:541: in get_module
[...]
lassname="tests.test_object_detection" name="test_per_class_confusion_matrix" time="56.428" /><testcase classname="tests.test_object_detection" name="test_calculate_areas_across_boxes" time="0.013" /><testcase classname="tests.test_outlier" name="test_class_wrong_info_assert_valid_inputs" time="0.031" /><testcase classname="tests.test_outlier" name="test_class_wrong_info_fit_ood" time="0.181" /><testcase classname="tests.test_outlier" name="test_class_params_logic" time="0.012" /><testcase classname="tests.test_outlier" name="test_class_public_func" time="0.354" /><testcase classname="tests.test_outlier" name="test_get_ood_features_scores" time="0.021" /><testcase classname="tests.test_outlier" name="test_default_k_and_model_get_ood_features_scores" time="0.029" /><testcase classname="tests.test_outlier" name="test_not_enough_info_get_ood_features_scores" time="0.005" /><testcase classname="tests.test_outlier" name="test_ood_predictions_scores" time="0.063" /><testcase classname="tests.test_outlier" name="test_wrong_info_get_ood_predictions_scores" time="0.005" /><testcase classname="tests.test_outlier" name="test_scores_for_identical_examples" time="20.899" /><testcase classname="tests.test_outlier" name="test_scores_for_identical_examples_across_rows" time="4.463" /><testcase classname="tests.test_rank" name="test_get_normalized_margin_for_each_label" time="0.005" /><testcase classname="tests.test_rank" name="test_get_self_confidence_for_each_label" time="0.002" /><testcase classname="tests.test_rank" name="test_bad_rank_by_parameter_error" time="0.003" /><testcase classname="tests.test_rank" name="test_order_label_issues_using_scoring_func_ranking[False-scoring_method_func0]" time="0.006" /><testcase classname="tests.test_rank" name="test_order_label_issues_using_scoring_func_ranking[False-scoring_method_func1]" time="0.004" /><testcase classname="tests.test_rank" name="test_order_label_issues_using_scoring_func_ranking[False-scoring_method_func2]" time="0.004" /><testcase classname="tests.test_rank" name="test_order_label_issues_using_scoring_func_ranking[True-scoring_method_func0]" time="0.004" /><testcase classname="tests.test_rank" name="test_order_label_issues_using_scoring_func_ranking[True-scoring_method_func1]" time="0.004" /><testcase classname="tests.test_rank" name="test_order_label_issues_using_scoring_func_ranking[True-scoring_method_func2]" time="0.003" /><testcase classname="tests.test_rank" name="test__subtract_confident_thresholds" time="0.003" /><testcase classname="tests.test_rank" name="test_ensemble_scoring_func[uniform-False-self_confidence]" time="0.043" /><testcase classname="tests.test_rank" name="test_ensemble_scoring_func[uniform-False-normalized_margin]" time="0.005" /><testcase classname="tests.test_rank" name="test_ensemble_scoring_func[uniform-False-confidence_weighted_entropy]" time="0.004" /><testcase classname="tests.test_rank" name="test_ensemble_scoring_func[uniform-True-self_confidence]" time="0.005" /><testcase classname="tests.test_rank" name="test_ensemble_scoring_func[uniform-True-normalized_margin]" time="0.006" /><testcase classname="tests.test_rank" name="test_ensemble_scoring_func[uniform-True-confidence_weighted_entropy]" time="0.003" /><testcase classname="tests.test_rank" name="test_ensemble_scoring_func[accuracy-False-self_confidence]" time="0.005" /><testcase classname="tests.test_rank" name="test_ensemble_scoring_func[accuracy-False-normalized_margin]" time="0.004" /><testcase classname="tests.test_rank" name="test_ensemble_scoring_func[accuracy-False-confidence_weighted_entropy]" time="0.006" /><testcase classname="tests.test_rank" name="test_ensemble_scoring_func[accuracy-True-self_confidence]" time="0.006" /><testcase classname="tests.test_rank" name="test_ensemble_scoring_func[accuracy-True-normalized_margin]" time="0.006" /><testcase classname="tests.test_rank" name="test_ensemble_scoring_func[accuracy-True-confidence_weighted_entropy]" time="0.002" /><testcase classname="tests.test_rank" name="test_ensemble_scoring_func[log_loss_search-False-self_confidence]" time="0.100" /><testcase classname="tests.test_rank" name="test_ensemble_scoring_func[log_loss_search-False-normalized_margin]" time="0.073" /><testcase classname="tests.test_rank" name="test_ensemble_scoring_func[log_loss_search-False-confidence_weighted_entropy]" time="0.089" /><testcase classname="tests.test_rank" name="test_ensemble_scoring_func[log_loss_search-True-self_confidence]" time="0.078" /><testcase classname="tests.test_rank" name="test_ensemble_scoring_func[log_loss_search-True-normalized_margin]" time="0.101" /><testcase classname="tests.test_rank" name="test_ensemble_scoring_func[log_loss_search-True-confidence_weighted_entropy]" time="0.003" /><testcase classname="tests.test_rank" name="test_bad_weight_ensemble_members_by_parameter_error" time="0.005" /><testcase classname="tests.test_rank" name="test_custom_weights" time="0.041" /><testcase classname="tests.test_rank" name="test_empty_custom_weights_error" time="0.006" /><testcase classname="tests.test_rank" name="test_wrong_length_custom_weights_error" time="0.005" /><testcase classname="tests.test_rank" name="test_wrong_weight_ensemble_members_by_for_custom_weights_error" time="0.004" /><testcase classname="tests.test_rank" name="test_bad_pred_probs_list_parameter_error" time="0.003" /><testcase classname="tests.test_rank" name="test_unsupported_method_for_adjust_pred_probs" time="0.002" /><testcase classname="tests.test_rank" name="test_find_top_issues" time="0.010" /><testcase classname="tests.test_regression" name="test_output_shape_type" time="0.051" /><testcase classname="tests.test_regression" name="test_labels_are_arraylike" time="0.003" /><testcase classname="tests.test_regression" name="test_predictionns_are_arraylike" time="0.005" /><testcase classname="tests.test_regression" name="test_input_shape_labels" time="0.002" /><testcase classname="tests.test_regression" name="test_input_shape_predictions" time="0.003" /><testcase classname="tests.test_regression" name="test_individual_scoring_functions[_get_residual_score_for_each_label]" time="0.004" /><testcase classname="tests.test_regression" name="test_individual_scoring_functions[_get_outre_score_for_each_label]" time="0.020" /><testcase classname="tests.test_regression" name="test_method_pass_get_label_quality_scores[residual]" time="0.003" /><testcase classname="tests.test_regression" name="test_method_pass_get_label_quality_scores[outre]" time="0.022" /><testcase classname="tests.test_regression" name="test_expected_scores[residual]" time="0.003" /><testcase classname="tests.test_regression" name="test_expected_scores[outre]" time="0.007" /><testcase classname="tests.test_regression" name="test_cleanlearning" time="0.598" /><testcase classname="tests.test_regression" name="test_optional_inputs" time="0.638" /><testcase classname="tests.test_regression" name="test_low_example_count" time="0.040" /><testcase classname="tests.test_regression" name="test_save_space" time="0.207" /><testcase classname="tests.test_regression" name="test_all_identical_examples[residual-10]" time="0.003" /><testcase classname="tests.test_regression" name="test_all_identical_examples[residual-100]" time="0.003" /><testcase classname="tests.test_regression" name="test_all_identical_examples[residual-1000]" time="0.004" /><testcase classname="tests.test_regression" name="test_all_identical_examples[outre-10]" time="0.010" /><testcase classname="tests.test_regression" name="test_all_identical_examples[outre-100]" time="0.268" /><testcase classname="tests.test_regression" name="test_all_identical_examples[outre-1000]" time="0.133" /><testcase classname="tests.test_segmentation" name="test_find_label_issues" time="0.064" /><testcase classname="tests.test_segmentation" name="test_results_are_consistent_with_batch_size" time="0.184" /><testcase classname="tests.test_segmentation" name="test_find_label_issues_sizes" time="0.045" /><testcase classname="tests.test_segmentation" name="test__check_input" time="0.003" /><testcase classname="tests.test_segmentation" name="test_get_label_quality_scores" time="0.027" /><testcase classname="tests.test_segmentation" name="test_get_label_quality_scores_exceptions[downsample]" time="0.003" /><testcase classname="tests.test_segmentation" name="test_get_label_quality_scores_exceptions[method]" time="0.005" /><testcase classname="tests.test_segmentation" name="test_get_label_quality_scores_exceptions[batch_size_negative]" time="0.003" /><testcase classname="tests.test_segmentation" name="test_get_label_quality_scores_exceptions[batch_size_zero]" time="0.003" /><testcase classname="tests.test_segmentation" name="test_get_label_quality_scores_sizes" time="0.016" /><testcase classname="tests.test_segmentation" name="test_issues_from_scores" time="0.007" /><testcase classname="tests.test_segmentation" name="test_issues_from_scores_no_pixel_scores" time="0.004" /><testcase classname="tests.test_segmentation" name="test_issues_from_scores_various_thresholds" time="0.004" /><testcase classname="tests.test_segmentation" name="test_issues_from_scores_invalid_inputs" time="0.002" /><testcase classname="tests.test_segmentation" name="test_issues_from_scores_different_input_sizes" time="0.003" /><testcase classname="tests.test_segmentation" name="test_issues_from_scores_sorting" time="0.004" /><testcase classname="tests.test_segmentation" name="test__get_label_quality_per_image" time="0.003" /><testcase classname="tests.test_segmentation" name="test_generate_color_map" time="0.006" /><testcase classname="tests.test_segmentation" name="test_display_issues" time="1.432" /><testcase classname="tests.test_segmentation" name="test_display_issues_figure" time="0.010" /><testcase classname="tests.test_segmentation" name="test_display_issues_show" time="0.019" /><testcase classname="tests.test_segmentation" name="test_common_label_issues" time="0.025" /><testcase classname="tests.test_segmentation" name="test_filter_by_class" time="0.005" /><testcase classname="tests.test_segmentation" name="test_summary_sizes" time="0.202" /><testcase classname="tests.test_segmentation" name="test_get_valid_functions" time="0.002" /><testcase classname="tests.test_span_classification" name="test_find_label_issues[list labels]" time="8.919" /><testcase classname="tests.test_span_classification" name="test_find_label_issues[np.array labels]" time="6.142" /><testcase classname="tests.test_span_classification" name="test_display_issues" time="0.050" /><testcase classname="tests.test_span_classification" name="test_get_label_quality_scores" time="0.023" /><testcase classname="tests.test_token_classification" name="test_get_sentence" time="0.002" /><testcase classname="tests.test_token_classification" name="test_filter_sentence" time="0.005" /><testcase classname="tests.test_token_classification" name="test_process_token" time="0.004" /><testcase classname="tests.test_token_classification" name="test_mapping" time="0.002" /><testcase classname="tests.test_token_classification" name="test_merge_probs" time="0.006" /><testcase classname="tests.test_token_classification" name="test_merge_probs_with_normalization" time="0.003" /><testcase classname="tests.test_token_classification" name="test_color_sentence[single_word]" time="0.004" /><testcase classname="tests.test_token_classification" name="test_color_sentence[no_match]" time="0.003" /><testcase classname="tests.test_token_classification" name="test_color_sentence[ignore_subwords]" time="0.002" /><testcase classname="tests.test_token_classification" name="test_color_sentence[multi-token_match]" time="0.003" /><testcase classname="tests.test_token_classification" name="test_color_sentence[substring_replacement]" time="0.003" /><testcase classname="tests.test_token_classification" name="test_color_sentence[multiple_matches]" time="0.003" /><testcase classname="tests.test_token_classification" name="test_color_sentence[case_sensitive]" time="0.003" /><testcase classname="tests.test_token_classification" name="test_color_sentence[only_word_boundary]" time="0.003" /><testcase classname="tests.test_token_classification" name="test_color_sentence[non_overlapping_substrings]" time="0.004" /><testcase classname="tests.test_token_classification" name="test_color_sentence[issue_403-escape_special_regex_characters]" time="0.003" /><testcase classname="tests.test_token_classification" name="test_replace_sentence[single_word]" time="0.003" /><testcase classname="tests.test_token_classification" name="test_replace_sentence[no_match]" time="0.003" /><testcase classname="tests.test_token_classification" name="test_replace_sentence[ignore_subwords]" time="0.003" /><testcase classname="tests.test_token_classification" name="test_replace_sentence[multi-token_match]" time="0.002" /><testcase classname="tests.test_token_classification" name="test_replace_sentence[substring_replacement]" time="0.003" /><testcase classname="tests.test_token_classification" name="test_replace_sentence[multiple_matches]" time="0.002" /><testcase classname="tests.test_token_classification" name="test_replace_sentence[case_sensitive]" time="0.003" /><testcase classname="tests.test_token_classification" name="test_replace_sentence[only_word_boundary]" time="0.002" /><testcase classname="tests.test_token_classification" name="test_replace_sentence[non_overlapping_substrings]" time="0.002" /><testcase classname="tests.test_token_classification" name="test_replace_sentence[issue_403-escape_special_regex_characters]" time="0.002" /><testcase classname="tests.test_token_classification" name="test_find_label_issues[list labels]" time="6.471" /><testcase classname="tests.test_token_classification" name="test_find_label_issues[np.array labels]" time="6.386" /><testcase classname="tests.test_token_classification" name="test_softmin_sentence_score" time="0.006" /><testcase classname="tests.test_token_classification" name="test_get_label_quality_scores" time="0.021" /><testcase classname="tests.test_token_classification" name="test_issues_from_scores" time="0.008" /><testcase classname="tests.test_token_classification" name="test_display_issues" time="0.006" /><testcase classname="tests.test_token_classification" name="test_common_label_issues[no kwargs-default issues]" time="0.016" /><testcase classname="tests.test_token_classification" name="test_common_label_issues[no kwargs-augmented issues]" time="0.005" /><testcase classname="tests.test_token_classification" name="test_common_label_issues[labels+pred_probs+class_names-default issues]" time="0.013" /><testcase classname="tests.test_token_classification" name="test_common_label_issues[labels+pred_probs+class_names-augmented issues]" time="0.005" /><testcase classname="tests.test_token_classification" name="test_common_label_issues[...+top-default issues]" time="0.004" /><testcase classname="tests.test_token_classification" name="test_common_label_issues[...+top-augmented issues]" time="0.005" /><testcase classname="tests.test_token_classification" name="test_common_label_issues[...+exclude-default issues]" time="0.012" /><testcase classname="tests.test_token_classification" name="test_common_label_issues[...+exclude-augmented issues]" time="0.005" /><testcase classname="tests.test_token_classification" name="test_common_label_issues[...+no verbose-default issues]" time="0.005" /><testcase classname="tests.test_token_classification" name="test_common_label_issues[...+no verbose-augmented issues]" time="0.004" /><testcase classname="tests.test_token_classification" name="test_filter_by_token[Hello-expected_issues0]" time="0.004" /><testcase classname="tests.test_token_classification" name="test_filter_by_token[#I-expected_issues1]" time="0.003" /><testcase classname="tests.test_util" name="test_print_inm" time="0.051" /><testcase classname="tests.test_util" name="test_print_joint" time="0.004" /><testcase classname="tests.test_util" name="test_print_square" time="0.004" /><testcase classname="tests.test_util" name="test_print_noise_matrix" time="0.004" /><testcase classname="tests.test_util" name="test_pu_f1" time="0.005" /><testcase classname="tests.test_util" name="test_value_counts_str" time="0.005" /><testcase classname="tests.test_util" name="test_value_counts_fill_missing_classes[integers]" time="0.004" /><testcase classname="tests.test_util" name="test_value_counts_fill_missing_classes[strings]" time="0.003" /><testcase classname="tests.test_util" name="test_value_counts_fill_missing_classes[multilabel_integers]" time="0.002" /><testcase classname="tests.test_util" name="test_value_counts_fill_missing_classes[multilabel_strings]" time="0.003" /><testcase classname="tests.test_util" name="test_pu_remove_noise" time="0.003" /><testcase classname="tests.test_util" name="test_round_preserving_sum" time="0.002" /><testcase classname="tests.test_util" name="test_one_hot" time="0.005" /><testcase classname="tests.test_util" name="test_num_unique" time="0.001" /><testcase classname="tests.test_util" name="test_missing_classes" time="0.004" /><testcase classname="tests.test_util" name="test_round_preserving_row_totals" time="0.003" /><testcase classname="tests.test_util" name="test_confusion_matrix" time="0.004" /><testcase classname="tests.test_util" name="test_confusion_matrix_nonconsecutive" time="0.003" /><testcase classname="tests.test_util" name="test_format_labels" time="0.005" /><testcase classname="tests.test_util" name="test_normalized_entropy" time="0.010" /><testcase classname="tests.test_util" name="test_force_two_dimensions" time="0.002" /><testcase classname="tests.test_validation" name="test_labels_to_array_return_types[list-y_list0]" time="0.003" /><testcase classname="tests.test_validation" name="test_labels_to_array_return_types[list-y_list1]" time="0.003" /><testcase classname="tests.test_validation" name="test_labels_to_array_return_types[array-y_list0]" time="0.002" /><testcase classname="tests.test_validation" name="test_labels_to_array_return_types[array-y_list1]" time="0.003" /><testcase classname="tests.test_validation" name="test_labels_to_array_return_types[Series-y_list0]" time="0.004" /><testcase classname="tests.test_validation" name="test_labels_to_array_return_types[Series-y_list1]" time="0.003" /><testcase classname="tests.test_validation" name="test_labels_to_array_return_types[DataFrame-y_list0]" time="0.004" /><testcase classname="tests.test_validation" name="test_labels_to_array_return_types[DataFrame-y_list1]" time="0.002" /><testcase classname="tests.test_validation" name="test_labels_to_array_return_values[list-y_list0]" time="0.002" /><testcase classname="tests.test_validation" name="test_labels_to_array_return_values[list-y_list1]" time="0.002" /><testcase classname="tests.test_validation" name="test_labels_to_array_return_values[array-y_list0]" time="0.002" /><testcase classname="tests.test_validation" name="test_labels_to_array_return_values[array-y_list1]" time="0.003" /><testcase classname="tests.test_validation" name="test_labels_to_array_return_values[Series-y_list0]" time="0.004" /><testcase classname="tests.test_validation" name="test_labels_to_array_return_values[Series-y_list1]" time="0.002" /><testcase classname="tests.test_validation" name="test_label_to_array_raises_error" time="0.004" /><testcase classname="tests.test_validation" name="test_assert_valid_inputs_accepts_valid_inputs_and_warns" time="0.009" /><testcase classname="tests.test_validation" name="test_assert_valid_inputs_ignores_x_when_pred_probs_present" time="0.003" /><testcase classname="tests.test_validation" name="test_assert_valid_inputs_rejects_invalid_labels_type" time="0.003" /><testcase classname="tests.test_validation" name="test_assert_valid_inputs_rejects_length_mismatch" time="0.003" /><testcase classname="tests.test_validation" name="test_assert_valid_inputs_rejects_invalid_pred_probs_shape" time="0.007" /></testsuite></testsuites>